"D:/2023 May Class/END/May_ENDGame/Content/Art/M_FlatColor.uasset" 0
"D:/2023 May Class/END/May_ENDGame/Content/Art/M_FlatColor.uexp" 1
"D:/2023 May Class/END/May_ENDGame/Content/Art/MI_FlatColor_Green.uasset" 2
"D:/2023 May Class/END/May_ENDGame/Content/Art/MI_FlatColor_Green.uexp" 3
"D:/2023 May Class/END/May_ENDGame/Content/Core/Utility/BP_CodeGameInstance.uasset" 4
"D:/2023 May Class/END/May_ENDGame/Content/Core/Utility/BP_CodeGameInstance.uexp" 5
"D:/2023 May Class/END/May_ENDGame/Content/END_Starter/T_CreditsBackground.uasset" 6
"D:/2023 May Class/END/May_ENDGame/Content/END_Starter/T_CreditsBackground.uexp" 7
"D:/2023 May Class/END/May_ENDGame/Content/END_Starter/AI/BB_Base.uasset" 8
"D:/2023 May Class/END/May_ENDGame/Content/END_Starter/AI/BB_Base.uexp" 9
"../../../Engine/Content/EditorBlueprintResources/StandardMacros.uasset" 10
"../../../Engine/Content/EditorBlueprintResources/StandardMacros.uexp" 11
"D:/2023 May Class/END/May_ENDGame/Content/END_Starter/AI/BTTask_Generic.uasset" 12
"D:/2023 May Class/END/May_ENDGame/Content/END_Starter/AI/BTTask_Generic.uexp" 13
"D:/2023 May Class/END/May_ENDGame/Content/END_Starter/AI/BT_Selector.uasset" 14
"D:/2023 May Class/END/May_ENDGame/Content/END_Starter/AI/BT_Selector.uexp" 15
"D:/2023 May Class/END/May_ENDGame/Content/END_Starter/AI/BT_Sequence.uasset" 16
"D:/2023 May Class/END/May_ENDGame/Content/END_Starter/AI/BT_Sequence.uexp" 17
"D:/2023 May Class/END/May_ENDGame/Content/END_Starter/SFX/PickupItem.uasset" 18
"D:/2023 May Class/END/May_ENDGame/Content/END_Starter/SFX/PickupItem.uexp" 19
"../../../Engine/Content/EngineMaterials/T_Default_Material_Grid_N.uasset" 20
"../../../Engine/Content/EngineMaterials/T_Default_Material_Grid_N.uexp" 21
"../../../Engine/Content/EngineMaterials/T_Default_Material_Grid_N.ubulk" 22
"../../../Engine/Content/EngineMaterials/T_Default_Material_Grid_M.uasset" 23
"../../../Engine/Content/EngineMaterials/T_Default_Material_Grid_M.uexp" 24
"../../../Engine/Content/EngineMaterials/T_Default_Material_Grid_M.ubulk" 25
"../../../Engine/Content/Functions/Engine_MaterialFunctions01/Opacity/CameraDepthFade.uasset" 26
"../../../Engine/Content/Functions/Engine_MaterialFunctions01/Opacity/CameraDepthFade.uexp" 27
"../../../Engine/Content/EngineMaterials/WorldGridMaterial.uasset" 28
"../../../Engine/Content/EngineMaterials/WorldGridMaterial.uexp" 29
"../../../Engine/Content/ArtTools/RenderToTexture/Meshes/S_1_Unit_Plane.uasset" 30
"../../../Engine/Content/ArtTools/RenderToTexture/Meshes/S_1_Unit_Plane.uexp" 31
"../../../Engine/Content/EngineMaterials/DefaultMaterial.uasset" 32
"../../../Engine/Content/EngineMaterials/DefaultMaterial.uexp" 33
"../../../Engine/Content/BasicShapes/Cone.uasset" 34
"../../../Engine/Content/BasicShapes/Cone.uexp" 35
"../../../Engine/Content/BasicShapes/Plane.uasset" 36
"../../../Engine/Content/BasicShapes/Plane.uexp" 37
"../../../Engine/Content/EditorLandscapeResources/DataLayer.uasset" 38
"../../../Engine/Content/EditorLandscapeResources/DataLayer.uexp" 39
"../../../Engine/Content/EditorLandscapeResources/DefaultAlphaTexture.uasset" 40
"../../../Engine/Content/EditorLandscapeResources/DefaultAlphaTexture.uexp" 41
"../../../Engine/Content/EditorMaterials/MAT_Groups_Toggle.uasset" 42
"../../../Engine/Content/EditorMaterials/MAT_Groups_Toggle.uexp" 43
"../../../Engine/Content/EditorMaterials/MAT_Groups_Visibility.uasset" 44
"../../../Engine/Content/EditorMaterials/MAT_Groups_Visibility.uexp" 45
"../../../Engine/Content/EditorMaterials/PreviewShadowIndicator.uasset" 46
"../../../Engine/Content/EditorMaterials/PreviewShadowIndicator.uexp" 47
"../../../Engine/Content/EditorMaterials/PreviewShadowIndicator.ubulk" 48
"../../../Engine/Content/EditorMaterials/PreviewShadowIndicatorMaterial.uasset" 49
"../../../Engine/Content/EditorMaterials/PreviewShadowIndicatorMaterial.uexp" 50
"../../../Engine/Content/EditorMaterials/MatineeGroups/MAT_ColorTrack.uasset" 51
"../../../Engine/Content/EditorMaterials/MatineeGroups/MAT_ColorTrack.uexp" 52
"../../../Engine/Content/EditorMaterials/MatineeGroups/MAT_Groups_Anim.uasset" 53
"../../../Engine/Content/EditorMaterials/MatineeGroups/MAT_Groups_Anim.uexp" 54
"../../../Engine/Content/EditorMaterials/MatineeGroups/MAT_Groups_AudioMaster.uasset" 55
"../../../Engine/Content/EditorMaterials/MatineeGroups/MAT_Groups_AudioMaster.uexp" 56
"../../../Engine/Content/EditorMaterials/MatineeGroups/MAT_Groups_Director.uasset" 57
"../../../Engine/Content/EditorMaterials/MatineeGroups/MAT_Groups_Director.uexp" 58
"../../../Engine/Content/EditorMaterials/MatineeGroups/MAT_Groups_Event.uasset" 59
"../../../Engine/Content/EditorMaterials/MatineeGroups/MAT_Groups_Event.uexp" 60
"../../../Engine/Content/EditorMaterials/MatineeGroups/MAT_Groups_Fade.uasset" 61
"../../../Engine/Content/EditorMaterials/MatineeGroups/MAT_Groups_Fade.uexp" 62
"../../../Engine/Content/EditorMaterials/MatineeGroups/MAT_Groups_Float.uasset" 63
"../../../Engine/Content/EditorMaterials/MatineeGroups/MAT_Groups_Float.uexp" 64
"../../../Engine/Content/EditorMaterials/MatineeGroups/MAT_Groups_Move.uasset" 65
"../../../Engine/Content/EditorMaterials/MatineeGroups/MAT_Groups_Move.uexp" 66
"../../../Engine/Content/EditorMaterials/MatineeGroups/MAT_Groups_Slomo.uasset" 67
"../../../Engine/Content/EditorMaterials/MatineeGroups/MAT_Groups_Slomo.uexp" 68
"../../../Engine/Content/EditorMaterials/MatineeGroups/MAT_Groups_Sound.uasset" 69
"../../../Engine/Content/EditorMaterials/MatineeGroups/MAT_Groups_Sound.uexp" 70
"../../../Engine/Content/EditorMaterials/MatineeGroups/MAT_Groups_Vector.uasset" 71
"../../../Engine/Content/EditorMaterials/MatineeGroups/MAT_Groups_Vector.uexp" 72
"../../../Engine/Content/EditorMaterials/ParticleSystems/PSysThumbnail_NoImage.uasset" 73
"../../../Engine/Content/EditorMaterials/ParticleSystems/PSysThumbnail_NoImage.uexp" 74
"../../../Engine/Content/EditorMaterials/ParticleSystems/PSysThumbnail_NoImage.ubulk" 75
"../../../Engine/Content/EditorMaterials/ParticleSystems/PSysThumbnail_OOD.uasset" 76
"../../../Engine/Content/EditorMaterials/ParticleSystems/PSysThumbnail_OOD.uexp" 77
"../../../Engine/Content/EditorMaterials/ParticleSystems/PSysThumbnail_OOD.ubulk" 78
"../../../Engine/Content/EditorMaterials/Camera/CineMat.uasset" 79
"../../../Engine/Content/EditorMaterials/Camera/CineMat.uexp" 80
"../../../Engine/Content/EditorMaterials/Camera/MI_CineMat_Rig.uasset" 81
"../../../Engine/Content/EditorMaterials/Camera/MI_CineMat_Rig.uexp" 82
"../../../Engine/Content/EditorMeshes/Camera/SM_CraneRig_Arm.uasset" 83
"../../../Engine/Content/EditorMeshes/Camera/SM_CraneRig_Arm.uexp" 84
"../../../Engine/Content/EditorMeshes/Camera/SM_CraneRig_Base.uasset" 85
"../../../Engine/Content/EditorMeshes/Camera/SM_CraneRig_Base.uexp" 86
"../../../Engine/Content/EditorMeshes/Camera/SM_CraneRig_Body.uasset" 87
"../../../Engine/Content/EditorMeshes/Camera/SM_CraneRig_Body.uexp" 88
"../../../Engine/Content/EditorMeshes/Camera/SM_CraneRig_Mount.uasset" 89
"../../../Engine/Content/EditorMeshes/Camera/SM_CraneRig_Mount.uexp" 90
"../../../Engine/Content/EditorMeshes/Camera/SM_RailRig_Mount.uasset" 91
"../../../Engine/Content/EditorMeshes/Camera/SM_RailRig_Mount.uexp" 92
"../../../Engine/Content/EditorMeshes/Camera/SM_RailRig_Track.uasset" 93
"../../../Engine/Content/EditorMeshes/Camera/SM_RailRig_Track.uexp" 94
"../../../Engine/Content/EditorResources/BSPVertex.uasset" 95
"../../../Engine/Content/EditorResources/BSPVertex.uexp" 96
"../../../Engine/Content/EditorResources/EmptyActor.uasset" 97
"../../../Engine/Content/EditorResources/EmptyActor.uexp" 98
"../../../Engine/Content/EditorResources/S_Actor.uasset" 99
"../../../Engine/Content/EditorResources/S_Actor.uexp" 100
"../../../Engine/Content/EditorResources/S_Actor.ubulk" 101
"../../../Engine/Content/EditorResources/S_Note.uasset" 102
"../../../Engine/Content/EditorResources/S_Note.uexp" 103
"../../../Engine/Content/EditorResources/S_Note.ubulk" 104
"../../../Engine/Content/EditorResources/S_Solver.uasset" 105
"../../../Engine/Content/EditorResources/S_Solver.uexp" 106
"../../../Engine/Content/EditorResources/S_Solver.ubulk" 107
"../../../Engine/Content/EditorResources/S_Terrain.uasset" 108
"../../../Engine/Content/EditorResources/S_Terrain.uexp" 109
"../../../Engine/Content/EditorResources/S_Terrain.ubulk" 110
"../../../Engine/Content/EditorResources/S_Trigger.uasset" 111
"../../../Engine/Content/EditorResources/S_Trigger.uexp" 112
"../../../Engine/Content/EditorResources/S_Trigger.ubulk" 113
"../../../Engine/Content/EditorResources/LightIcons/S_LightError.uasset" 114
"../../../Engine/Content/EditorResources/LightIcons/S_LightError.uexp" 115
"../../../Engine/Content/EditorResources/SequenceRecorder/Countdown.uasset" 116
"../../../Engine/Content/EditorResources/SequenceRecorder/Countdown.uexp" 117
"../../../Engine/Content/EditorResources/SequenceRecorder/RecordingIndicator.uasset" 118
"../../../Engine/Content/EditorResources/SequenceRecorder/RecordingIndicator.uexp" 119
"../../../Engine/Content/EngineDamageTypes/DmgTypeBP_Environmental.uasset" 120
"../../../Engine/Content/EngineDamageTypes/DmgTypeBP_Environmental.uexp" 121
"../../../Engine/Content/EngineDebugMaterials/DebugEditorMaterial.uasset" 122
"../../../Engine/Content/EngineDebugMaterials/DebugEditorMaterial.uexp" 123
"../../../Engine/Content/EngineDebugMaterials/DebugMeshMaterial.uasset" 124
"../../../Engine/Content/EngineDebugMaterials/DebugMeshMaterial.uexp" 125
"../../../Engine/Content/EngineDebugMaterials/M_SimpleUnlitTranslucent.uasset" 126
"../../../Engine/Content/EngineDebugMaterials/M_SimpleUnlitTranslucent.uexp" 127
"../../../Engine/Content/EngineDebugMaterials/VolumeToRender.uasset" 128
"../../../Engine/Content/EngineDebugMaterials/VolumeToRender.uexp" 129
"../../../Engine/Content/Functions/Engine_MaterialFunctions02/Utility/CameraDirectionVector.uasset" 130
"../../../Engine/Content/Functions/Engine_MaterialFunctions02/Utility/CameraDirectionVector.uexp" 131
"../../../Engine/Content/EngineDebugMaterials/M_VolumeRenderSphereTracePP.uasset" 132
"../../../Engine/Content/EngineDebugMaterials/M_VolumeRenderSphereTracePP.uexp" 133
"../../../Engine/Content/Functions/Engine_MaterialFunctions01/Shading/ConvertFromDiffSpec.uasset" 134
"../../../Engine/Content/Functions/Engine_MaterialFunctions01/Shading/ConvertFromDiffSpec.uexp" 135
"../../../Engine/Content/EngineDebugMaterials/VertexColorMaterial.uasset" 136
"../../../Engine/Content/EngineDebugMaterials/VertexColorMaterial.uexp" 137
"../../../Engine/Content/EngineDebugMaterials/WireframeMaterial.uasset" 138
"../../../Engine/Content/EngineDebugMaterials/WireframeMaterial.uexp" 139
"../../../Engine/Content/EngineFonts/Faces/RobotoRegular.uasset" 140
"../../../Engine/Content/EngineFonts/Faces/RobotoRegular.uexp" 141
"../../../Engine/Content/EngineFonts/Faces/RobotoRegular.ufont" 142
"../../../Engine/Content/EngineFonts/Faces/RobotoLight.uasset" 143
"../../../Engine/Content/EngineFonts/Faces/RobotoLight.uexp" 144
"../../../Engine/Content/EngineFonts/Faces/RobotoLight.ufont" 145
"../../../Engine/Content/EngineFonts/Faces/RobotoItalic.uasset" 146
"../../../Engine/Content/EngineFonts/Faces/RobotoItalic.uexp" 147
"../../../Engine/Content/EngineFonts/Faces/RobotoItalic.ufont" 148
"../../../Engine/Content/EngineFonts/Faces/RobotoBoldItalic.uasset" 149
"../../../Engine/Content/EngineFonts/Faces/RobotoBoldItalic.uexp" 150
"../../../Engine/Content/EngineFonts/Faces/RobotoBoldItalic.ufont" 151
"../../../Engine/Content/EngineFonts/Faces/RobotoBold.uasset" 152
"../../../Engine/Content/EngineFonts/Faces/RobotoBold.uexp" 153
"../../../Engine/Content/EngineFonts/Faces/RobotoBold.ufont" 154
"../../../Engine/Content/EngineFonts/Faces/DroidSansFallback.uasset" 155
"../../../Engine/Content/EngineFonts/Faces/DroidSansFallback.uexp" 156
"../../../Engine/Content/EngineFonts/Faces/DroidSansFallback.ufont" 157
"../../../Engine/Content/EngineFonts/Roboto.uasset" 158
"../../../Engine/Content/EngineFonts/Roboto.uexp" 159
"../../../Engine/Content/EngineMaterials/BaseFlattenNormalMap.uasset" 160
"../../../Engine/Content/EngineMaterials/BaseFlattenNormalMap.uexp" 161
"../../../Engine/Content/EngineMaterials/BaseFlattenGrayscaleMap.uasset" 162
"../../../Engine/Content/EngineMaterials/BaseFlattenGrayscaleMap.uexp" 163
"../../../Engine/Content/EngineMaterials/BaseFlattenEmissiveMap.uasset" 164
"../../../Engine/Content/EngineMaterials/BaseFlattenEmissiveMap.uexp" 165
"../../../Engine/Content/EngineMaterials/BaseFlattenDiffuseMap.uasset" 166
"../../../Engine/Content/EngineMaterials/BaseFlattenDiffuseMap.uexp" 167
"../../../Engine/Content/EngineMaterials/BaseFlattenMaterial.uasset" 168
"../../../Engine/Content/EngineMaterials/BaseFlattenMaterial.uexp" 169
"../../../Engine/Content/EngineMaterials/BlueNoise.uasset" 170
"../../../Engine/Content/EngineMaterials/BlueNoise.uexp" 171
"../../../Engine/Content/EngineMaterials/DefaultBloomKernel.uasset" 172
"../../../Engine/Content/EngineMaterials/DefaultBloomKernel.uexp" 173
"../../../Engine/Content/EngineMaterials/DefaultBokeh.uasset" 174
"../../../Engine/Content/EngineMaterials/DefaultBokeh.uexp" 175
"../../../Engine/Content/EngineMaterials/DefaultDiffuse.uasset" 176
"../../../Engine/Content/EngineMaterials/DefaultDiffuse.uexp" 177
"../../../Engine/Content/EngineMaterials/DefaultDiffuse.ubulk" 178
"../../../Engine/Content/EngineMaterials/DefaultDeferredDecalMaterial.uasset" 179
"../../../Engine/Content/EngineMaterials/DefaultDeferredDecalMaterial.uexp" 180
"../../../Engine/Content/EngineMaterials/DefaultLightFunctionMaterial.uasset" 181
"../../../Engine/Content/EngineMaterials/DefaultLightFunctionMaterial.uexp" 182
"../../../Engine/Content/EngineMaterials/DefaultPhysicalMaterial.uasset" 183
"../../../Engine/Content/EngineMaterials/DefaultPhysicalMaterial.uexp" 184
"../../../Engine/Content/Functions/Engine_MaterialFunctions02/Utility/BreakOutFloat2Components.uasset" 185
"../../../Engine/Content/Functions/Engine_MaterialFunctions02/Utility/BreakOutFloat2Components.uexp" 186
"../../../Engine/Content/EngineMaterials/DefaultPostProcessMaterial.uasset" 187
"../../../Engine/Content/EngineMaterials/DefaultPostProcessMaterial.uexp" 188
"../../../Engine/Content/EngineFonts/RobotoDistanceField.uasset" 189
"../../../Engine/Content/EngineFonts/RobotoDistanceField.uexp" 190
"../../../Engine/Content/EngineMaterials/DefaultTextMaterialOpaque.uasset" 191
"../../../Engine/Content/EngineMaterials/DefaultTextMaterialOpaque.uexp" 192
"../../../Engine/Content/EngineMaterials/DefaultWhiteGrid.uasset" 193
"../../../Engine/Content/EngineMaterials/DefaultWhiteGrid.uexp" 194
"../../../Engine/Content/EngineMaterials/DefaultWhiteGrid.ubulk" 195
"../../../Engine/Content/EngineMaterials/DefaultWhiteGrid_Low.uasset" 196
"../../../Engine/Content/EngineMaterials/DefaultWhiteGrid_Low.uexp" 197
"../../../Engine/Content/EngineMaterials/EmissiveMeshMaterial.uasset" 198
"../../../Engine/Content/EngineMaterials/EmissiveMeshMaterial.uexp" 199
"../../../Engine/Content/EngineMaterials/GizmoMaterial.uasset" 200
"../../../Engine/Content/EngineMaterials/GizmoMaterial.uexp" 201
"../../../Engine/Content/EngineMaterials/Good64x64TilingNoiseHighFreq.uasset" 202
"../../../Engine/Content/EngineMaterials/Good64x64TilingNoiseHighFreq.uexp" 203
"../../../Engine/Content/EngineMaterials/MiniFont.uasset" 204
"../../../Engine/Content/EngineMaterials/MiniFont.uexp" 205
"../../../Engine/Content/EngineMaterials/InvalidLightmapSettings.uasset" 206
"../../../Engine/Content/EngineMaterials/InvalidLightmapSettings.uexp" 207
"../../../Engine/Content/EngineMaterials/InvalidLightmapSettings.ubulk" 208
"../../../Engine/Content/EngineMaterials/M_InvalidLightmapSettings.uasset" 209
"../../../Engine/Content/EngineMaterials/M_InvalidLightmapSettings.uexp" 210
"../../../Engine/Content/Functions/Engine_MaterialFunctions02/WorldPositionOffset/CameraOffset.uasset" 211
"../../../Engine/Content/Functions/Engine_MaterialFunctions02/WorldPositionOffset/CameraOffset.uexp" 212
"../../../Engine/Content/EngineMaterials/PhAT_JointLimitMaterial.uasset" 213
"../../../Engine/Content/EngineMaterials/PhAT_JointLimitMaterial.uexp" 214
"../../../Engine/Content/EngineMaterials/DefaultCalibrationColor.uasset" 215
"../../../Engine/Content/EngineMaterials/DefaultCalibrationColor.uexp" 216
"../../../Engine/Content/EngineMaterials/PPM_DefaultCalibrationColor.uasset" 217
"../../../Engine/Content/EngineMaterials/PPM_DefaultCalibrationColor.uexp" 218
"../../../Engine/Content/EngineMaterials/DefaultCalibrationGrayscale.uasset" 219
"../../../Engine/Content/EngineMaterials/DefaultCalibrationGrayscale.uexp" 220
"../../../Engine/Content/EngineMaterials/PPM_DefaultCalibrationGrayscale.uasset" 221
"../../../Engine/Content/EngineMaterials/PPM_DefaultCalibrationGrayscale.uexp" 222
"../../../Engine/Content/EngineMaterials/PreintegratedSkinBRDF.uasset" 223
"../../../Engine/Content/EngineMaterials/PreintegratedSkinBRDF.uexp" 224
"../../../Engine/Content/EngineMaterials/RemoveSurfaceMaterial.uasset" 225
"../../../Engine/Content/EngineMaterials/RemoveSurfaceMaterial.uexp" 226
"../../../Engine/Content/EngineMaterials/WeightMapPlaceholderTexture.uasset" 227
"../../../Engine/Content/EngineMaterials/WeightMapPlaceholderTexture.uexp" 228
"../../../Engine/Content/EngineResources/WhiteSquareTexture.uasset" 229
"../../../Engine/Content/EngineResources/WhiteSquareTexture.uexp" 230
"../../../Engine/Content/EngineMaterials/Widget3DPassThrough.uasset" 231
"../../../Engine/Content/EngineMaterials/Widget3DPassThrough.uexp" 232
"../../../Engine/Content/EngineMaterials/Widget3DPassThrough_Masked.uasset" 233
"../../../Engine/Content/EngineMaterials/Widget3DPassThrough_Masked.uexp" 234
"../../../Engine/Content/EngineMaterials/Widget3DPassThrough_Opaque.uasset" 235
"../../../Engine/Content/EngineMaterials/Widget3DPassThrough_Opaque.uexp" 236
"../../../Engine/Content/EngineMaterials/Widget3DPassThrough_Masked_OneSided.uasset" 237
"../../../Engine/Content/EngineMaterials/Widget3DPassThrough_Masked_OneSided.uexp" 238
"../../../Engine/Content/EngineMaterials/Widget3DPassThrough_Opaque_OneSided.uasset" 239
"../../../Engine/Content/EngineMaterials/Widget3DPassThrough_Opaque_OneSided.uexp" 240
"../../../Engine/Content/EngineMaterials/Widget3DPassThrough_Translucent.uasset" 241
"../../../Engine/Content/EngineMaterials/Widget3DPassThrough_Translucent.uexp" 242
"../../../Engine/Content/EngineMaterials/Widget3DPassThrough_Translucent_OneSided.uasset" 243
"../../../Engine/Content/EngineMaterials/Widget3DPassThrough_Translucent_OneSided.uexp" 244
"../../../Engine/Content/EngineMeshes/Cylinder.uasset" 245
"../../../Engine/Content/EngineMeshes/Cylinder.uexp" 246
"../../../Engine/Content/EngineMeshes/Sphere.uasset" 247
"../../../Engine/Content/EngineMeshes/Sphere.uexp" 248
"../../../Engine/Content/EngineResources/DefaultTexture.uasset" 249
"../../../Engine/Content/EngineResources/DefaultTexture.uexp" 250
"../../../Engine/Content/EngineResources/DefaultTexture.ubulk" 251
"../../../Engine/Content/EngineResources/DefaultTextureCube.uasset" 252
"../../../Engine/Content/EngineResources/DefaultTextureCube.uexp" 253
"../../../Engine/Content/EngineResources/DefaultVolumeTexture2D.uasset" 254
"../../../Engine/Content/EngineResources/DefaultVolumeTexture2D.uexp" 255
"../../../Engine/Content/EngineResources/DefaultVolumeTexture.uasset" 256
"../../../Engine/Content/EngineResources/DefaultVolumeTexture.uexp" 257
"../../../Engine/Content/EngineResources/GradientTexture0.uasset" 258
"../../../Engine/Content/EngineResources/GradientTexture0.uexp" 259
"../../../Engine/Content/EngineSky/VolumetricClouds/T_NoiseShape64.uasset" 260
"../../../Engine/Content/EngineSky/VolumetricClouds/T_NoiseShape64.uexp" 261
"../../../Engine/Content/EngineSky/VolumetricClouds/T_NoiseShape64.ubulk" 262
"../../../Engine/Content/EngineSky/VolumetricClouds/T_VolumeNoiseShape64.uasset" 263
"../../../Engine/Content/EngineSky/VolumetricClouds/T_VolumeNoiseShape64.uexp" 264
"../../../Engine/Content/EngineSky/VolumetricClouds/T_NoiseErosion.uasset" 265
"../../../Engine/Content/EngineSky/VolumetricClouds/T_NoiseErosion.uexp" 266
"../../../Engine/Content/EngineSky/VolumetricClouds/T_NoiseErosion.ubulk" 267
"../../../Engine/Content/EngineSky/VolumetricClouds/T_VolumeNoiseErosion32.uasset" 268
"../../../Engine/Content/EngineSky/VolumetricClouds/T_VolumeNoiseErosion32.uexp" 269
"../../../Engine/Content/EngineSky/VolumetricClouds/CloudWeatherTexture.uasset" 270
"../../../Engine/Content/EngineSky/VolumetricClouds/CloudWeatherTexture.uexp" 271
"../../../Engine/Content/EngineSky/VolumetricClouds/CloudGradientTexture.uasset" 272
"../../../Engine/Content/EngineSky/VolumetricClouds/CloudGradientTexture.uexp" 273
"../../../Engine/Content/Functions/Engine_MaterialFunctions02/Utility/MakeFloat2.uasset" 274
"../../../Engine/Content/Functions/Engine_MaterialFunctions02/Utility/MakeFloat2.uexp" 275
"../../../Engine/Content/EngineSky/VolumetricClouds/m_SimpleVolumetricCloud.uasset" 276
"../../../Engine/Content/EngineSky/VolumetricClouds/m_SimpleVolumetricCloud.uexp" 277
"../../../Engine/Content/EngineSky/VolumetricClouds/m_SimpleVolumetricCloud_Inst.uasset" 278
"../../../Engine/Content/EngineSky/VolumetricClouds/m_SimpleVolumetricCloud_Inst.uexp" 279
"../../../Engine/Content/EngineSounds/Master.uasset" 280
"../../../Engine/Content/EngineSounds/Master.uexp" 281
"../../../Engine/Content/Functions/Engine_MaterialFunctions01/Shading/PowerToRoughness.uasset" 282
"../../../Engine/Content/Functions/Engine_MaterialFunctions01/Shading/PowerToRoughness.uexp" 283
"../../../Engine/Content/Maps/Templates/Thumbnails/Default.uasset" 284
"../../../Engine/Content/Maps/Templates/Thumbnails/Default.uexp" 285
"../../../Engine/Content/Maps/Templates/Thumbnails/TimeOfDay.uasset" 286
"../../../Engine/Content/Maps/Templates/Thumbnails/TimeOfDay.uexp" 287
"../../../Engine/Content/Maps/Templates/Thumbnails/VR-Basic.uasset" 288
"../../../Engine/Content/Maps/Templates/Thumbnails/VR-Basic.uexp" 289
"../../../Engine/Content/MobileResources/T_MobileControls_texture.uasset" 290
"../../../Engine/Content/MobileResources/T_MobileControls_texture.uexp" 291
"../../../Engine/Content/MobileResources/T_MobileMenu2.uasset" 292
"../../../Engine/Content/MobileResources/T_MobileMenu2.uexp" 293
"../../../Engine/Content/MobileResources/HUD/AnalogHat.uasset" 294
"../../../Engine/Content/MobileResources/HUD/AnalogHat.uexp" 295
"../../../Engine/Content/MobileResources/HUD/VirtualJoystick_Thumb.uasset" 296
"../../../Engine/Content/MobileResources/HUD/VirtualJoystick_Thumb.uexp" 297
"../../../Engine/Content/MobileResources/HUD/VirtualJoystick_Background.uasset" 298
"../../../Engine/Content/MobileResources/HUD/VirtualJoystick_Background.uexp" 299
"../../../Engine/Content/MobileResources/HUD/DefaultVirtualJoysticks.uasset" 300
"../../../Engine/Content/MobileResources/HUD/DefaultVirtualJoysticks.uexp" 301
"../../../Engine/Content/MobileResources/HUD/LeftVirtualJoystickOnly.uasset" 302
"../../../Engine/Content/MobileResources/HUD/LeftVirtualJoystickOnly.uexp" 303
"../../../Engine/Content/MobileResources/HUD/MobileHUDButton1_off.uasset" 304
"../../../Engine/Content/MobileResources/HUD/MobileHUDButton1_off.uexp" 305
"../../../Engine/Content/MobileResources/HUD/MobileHUDButton1_on.uasset" 306
"../../../Engine/Content/MobileResources/HUD/MobileHUDButton1_on.uexp" 307
"../../../Engine/Content/MobileResources/HUD/MobileHUDButton2_off.uasset" 308
"../../../Engine/Content/MobileResources/HUD/MobileHUDButton2_off.uexp" 309
"../../../Engine/Content/MobileResources/HUD/MobileHUDButton2_on.uasset" 310
"../../../Engine/Content/MobileResources/HUD/MobileHUDButton2_on.uexp" 311
"../../../Engine/Content/MobileResources/HUD/MobileHUDButton3.uasset" 312
"../../../Engine/Content/MobileResources/HUD/MobileHUDButton3.uexp" 313
"../../../Engine/Content/MobileResources/HUD/MobileHUDButtonFire.uasset" 314
"../../../Engine/Content/MobileResources/HUD/MobileHUDButtonFire.uexp" 315
"../../../Engine/Content/MobileResources/HUD/MobileHUDDirectionPad.uasset" 316
"../../../Engine/Content/MobileResources/HUD/MobileHUDDirectionPad.uexp" 317
"../../../Engine/Content/MobileResources/HUD/MobileHUDDirectionPad2.uasset" 318
"../../../Engine/Content/MobileResources/HUD/MobileHUDDirectionPad2.uexp" 319
"../../../Engine/Content/MobileResources/HUD/MobileHUDDirectionPad3.uasset" 320
"../../../Engine/Content/MobileResources/HUD/MobileHUDDirectionPad3.uexp" 321
"../../../Engine/Content/MobileResources/HUD/MobileHUDDirectionStick.uasset" 322
"../../../Engine/Content/MobileResources/HUD/MobileHUDDirectionStick.uexp" 323
"../../../Engine/Content/MobileResources/HUD/T_Castle_ThumbstickInner.uasset" 324
"../../../Engine/Content/MobileResources/HUD/T_Castle_ThumbstickInner.uexp" 325
"../../../Engine/Content/MobileResources/HUD/T_Castle_ThumbstickOutter.uasset" 326
"../../../Engine/Content/MobileResources/HUD/T_Castle_ThumbstickOutter.uexp" 327
"../../../Engine/Content/Tutorial/ContentIntroCurve.uasset" 328
"../../../Engine/Content/Tutorial/ContentIntroCurve.uexp" 329
"../../../Engine/Content/Tutorial/Basics/TutorialAssets/icon_tab_Levels_40x.uasset" 330
"../../../Engine/Content/Tutorial/Basics/TutorialAssets/icon_tab_Levels_40x.uexp" 331
"../../../Engine/Content/Tutorial/BlueprintTutorials/TutorialAssets/Blueprint_64x.uasset" 332
"../../../Engine/Content/Tutorial/BlueprintTutorials/TutorialAssets/Blueprint_64x.uexp" 333
"../../../Engine/Content/VREditor/TransformGizmo/TranslucentTransformGizmoMaterial.uasset" 334
"../../../Engine/Content/VREditor/TransformGizmo/TranslucentTransformGizmoMaterial.uexp" 335
"../../../Engine/Content/VREditor/LaserPointer/VR_LaserPower_01.uasset" 336
"../../../Engine/Content/VREditor/LaserPointer/VR_LaserPower_01.uexp" 337
"../../../Engine/Content/VREditor/LaserPointer/VR_LaserPower_01.ubulk" 338
"../../../Engine/Content/VREditor/TransformGizmo/TransformGizmoMaterial.uasset" 339
"../../../Engine/Content/VREditor/TransformGizmo/TransformGizmoMaterial.uexp" 340
"../../../Engine/Content/VREditor/TransformGizmo/BoundingBoxCorner.uasset" 341
"../../../Engine/Content/VREditor/TransformGizmo/BoundingBoxCorner.uexp" 342
"../../../Engine/Content/VREditor/TransformGizmo/BoundingBoxEdge.uasset" 343
"../../../Engine/Content/VREditor/TransformGizmo/BoundingBoxEdge.uexp" 344
"../../../Engine/Content/VREditor/TransformGizmo/PlaneTranslationHandle.uasset" 345
"../../../Engine/Content/VREditor/TransformGizmo/PlaneTranslationHandle.uexp" 346
"../../../Engine/Content/VREditor/TransformGizmo/Xray.uasset" 347
"../../../Engine/Content/VREditor/TransformGizmo/Xray.uexp" 348
"../../../Engine/Content/VREditor/TransformGizmo/Main.uasset" 349
"../../../Engine/Content/VREditor/TransformGizmo/Main.uexp" 350
"../../../Engine/Content/VREditor/TransformGizmo/SM_Sequencer_Key.uasset" 351
"../../../Engine/Content/VREditor/TransformGizmo/SM_Sequencer_Key.uexp" 352
"../../../Engine/Content/VREditor/TransformGizmo/SM_Sequencer_Node.uasset" 353
"../../../Engine/Content/VREditor/TransformGizmo/SM_Sequencer_Node.uexp" 354
"../../../Engine/Plugins/2D/Paper2D/Content/PlaceholderTextures/DummySpriteTexture.uasset" 355
"../../../Engine/Plugins/2D/Paper2D/Content/PlaceholderTextures/DummySpriteTexture.uexp" 356
"../../../Engine/Plugins/2D/Paper2D/Content/PlaceholderTextures/DummySpriteTexture.ubulk" 357
"../../../Engine/Plugins/2D/Paper2D/Content/DummySprite.uasset" 358
"../../../Engine/Plugins/2D/Paper2D/Content/DummySprite.uexp" 359
"../../../Engine/Plugins/2D/Paper2D/Content/DefaultPaperTerrainMaterial.uasset" 360
"../../../Engine/Plugins/2D/Paper2D/Content/DefaultPaperTerrainMaterial.uexp" 361
"../../../Engine/Plugins/2D/Paper2D/Content/DefaultSpriteMaterial.uasset" 362
"../../../Engine/Plugins/2D/Paper2D/Content/DefaultSpriteMaterial.uexp" 363
"../../../Engine/Plugins/2D/Paper2D/Content/MaskedUnlitSpriteMaterial.uasset" 364
"../../../Engine/Plugins/2D/Paper2D/Content/MaskedUnlitSpriteMaterial.uexp" 365
"../../../Engine/Plugins/2D/Paper2D/Content/OpaqueUnlitSpriteMaterial.uasset" 366
"../../../Engine/Plugins/2D/Paper2D/Content/OpaqueUnlitSpriteMaterial.uexp" 367
"../../../Engine/Content/Functions/Engine_MaterialFunctions02/Utility/BreakOutFloat3Components.uasset" 368
"../../../Engine/Content/Functions/Engine_MaterialFunctions02/Utility/BreakOutFloat3Components.uexp" 369
"../../../Engine/Plugins/Editor/SpeedTreeImporter/Content/SpeedTree9/UnpackInteger3.uasset" 370
"../../../Engine/Plugins/Editor/SpeedTreeImporter/Content/SpeedTree9/UnpackInteger3.uexp" 371
"../../../Engine/Plugins/Editor/SpeedTreeImporter/Content/SpeedTree9/UnpackDirection.uasset" 372
"../../../Engine/Plugins/Editor/SpeedTreeImporter/Content/SpeedTree9/UnpackDirection.uexp" 373
"../../../Engine/Plugins/Editor/SpeedTreeImporter/Content/SpeedTree9/game_wind_noise.uasset" 374
"../../../Engine/Plugins/Editor/SpeedTreeImporter/Content/SpeedTree9/game_wind_noise.uexp" 375
"../../../Engine/Plugins/Editor/SpeedTreeImporter/Content/SpeedTree9/game_wind_noise.ubulk" 376
"../../../Engine/Content/Functions/Engine_MaterialFunctions02/SafeNormalize.uasset" 377
"../../../Engine/Content/Functions/Engine_MaterialFunctions02/SafeNormalize.uexp" 378
"../../../Engine/Plugins/Editor/SpeedTreeImporter/Content/SpeedTree9/SpeedTreeWindMotion.uasset" 379
"../../../Engine/Plugins/Editor/SpeedTreeImporter/Content/SpeedTree9/SpeedTreeWindMotion.uexp" 380
"../../../Engine/Plugins/Editor/SpeedTreeImporter/Content/SpeedTree9/SpeedTreeBranchMotion.uasset" 381
"../../../Engine/Plugins/Editor/SpeedTreeImporter/Content/SpeedTree9/SpeedTreeBranchMotion.uexp" 382
"../../../Engine/Content/Functions/Engine_MaterialFunctions02/ObjectLocalBounds.uasset" 383
"../../../Engine/Content/Functions/Engine_MaterialFunctions02/ObjectLocalBounds.uexp" 384
"../../../Engine/Content/Functions/Engine_MaterialFunctions02/UVs/BoundingBoxBased_0-1_UVW.uasset" 385
"../../../Engine/Content/Functions/Engine_MaterialFunctions02/UVs/BoundingBoxBased_0-1_UVW.uexp" 386
"../../../Engine/Content/Functions/Engine_MaterialFunctions02/Utility/VectorLength.uasset" 387
"../../../Engine/Content/Functions/Engine_MaterialFunctions02/Utility/VectorLength.uexp" 388
"../../../Engine/Content/Functions/Engine_MaterialFunctions02/WorldPositionOffset/ObjectScale.uasset" 389
"../../../Engine/Content/Functions/Engine_MaterialFunctions02/WorldPositionOffset/ObjectScale.uexp" 390
"../../../Engine/Plugins/Editor/SpeedTreeImporter/Content/SpeedTree9/SpeedTreeWind.uasset" 391
"../../../Engine/Plugins/Editor/SpeedTreeImporter/Content/SpeedTree9/SpeedTreeWind.uexp" 392
"../../../Engine/Plugins/Editor/SpeedTreeImporter/Content/SpeedTree9/SpeedTreeBillboard.uasset" 393
"../../../Engine/Plugins/Editor/SpeedTreeImporter/Content/SpeedTree9/SpeedTreeBillboard.uexp" 394
"../../../Engine/Plugins/Editor/SpeedTreeImporter/Content/SpeedTree9/EmptyNormal.uasset" 395
"../../../Engine/Plugins/Editor/SpeedTreeImporter/Content/SpeedTree9/EmptyNormal.uexp" 396
"../../../Engine/Plugins/Editor/SpeedTreeImporter/Content/SpeedTree9/Empty.uasset" 397
"../../../Engine/Plugins/Editor/SpeedTreeImporter/Content/SpeedTree9/Empty.uexp" 398
"../../../Engine/Plugins/Editor/SpeedTreeImporter/Content/SpeedTree9/SpeedTreeBillboardMaster.uasset" 399
"../../../Engine/Plugins/Editor/SpeedTreeImporter/Content/SpeedTree9/SpeedTreeBillboardMaster.uexp" 400
"../../../Engine/Plugins/Editor/SpeedTreeImporter/Content/SpeedTree9/SpeedTreeCameraFacing.uasset" 401
"../../../Engine/Plugins/Editor/SpeedTreeImporter/Content/SpeedTree9/SpeedTreeCameraFacing.uexp" 402
"../../../Engine/Plugins/Editor/SpeedTreeImporter/Content/SpeedTree9/SpeedTreeMaster.uasset" 403
"../../../Engine/Plugins/Editor/SpeedTreeImporter/Content/SpeedTree9/SpeedTreeMaster.uexp" 404
"../../../Engine/Content/BasicShapes/Cylinder.uasset" 405
"../../../Engine/Content/BasicShapes/Cylinder.uexp" 406
"../../../Engine/Content/ArtTools/RenderToTexture/Materials/Debug/M_Emissive_Color.uasset" 407
"../../../Engine/Content/ArtTools/RenderToTexture/Materials/Debug/M_Emissive_Color.uexp" 408
"../../../Engine/Plugins/Lumin/MagicLeapPassableWorld/Content/MagicLeapARPinInfoActor.uasset" 409
"../../../Engine/Plugins/Lumin/MagicLeapPassableWorld/Content/MagicLeapARPinInfoActor.uexp" 410
"../../../Engine/Plugins/Runtime/OpenXR/Content/Devices/GoogleDaydream/MRTexture.uasset" 411
"../../../Engine/Plugins/Runtime/OpenXR/Content/Devices/GoogleDaydream/MRTexture.uexp" 412
"../../../Engine/Plugins/Runtime/OpenXR/Content/Devices/GoogleDaydream/MRTexture.ubulk" 413
"../../../Engine/Plugins/Runtime/OpenXR/Content/Devices/GoogleDaydream/BaseTexture.uasset" 414
"../../../Engine/Plugins/Runtime/OpenXR/Content/Devices/GoogleDaydream/BaseTexture.uexp" 415
"../../../Engine/Plugins/Runtime/OpenXR/Content/Devices/GoogleDaydream/BaseTexture.ubulk" 416
"../../../Engine/Content/EngineResources/Black.uasset" 417
"../../../Engine/Content/EngineResources/Black.uexp" 418
"../../../Engine/Plugins/Runtime/OpenXR/Content/Devices/M_XRController.uasset" 419
"../../../Engine/Plugins/Runtime/OpenXR/Content/Devices/M_XRController.uexp" 420
"../../../Engine/Plugins/Runtime/OpenXR/Content/Devices/GoogleDaydream/MI_GoogleDaydream.uasset" 421
"../../../Engine/Plugins/Runtime/OpenXR/Content/Devices/GoogleDaydream/MI_GoogleDaydream.uexp" 422
"../../../Engine/Plugins/Runtime/OpenXR/Content/Devices/GoogleDaydream/GoogleDaydreamController.uasset" 423
"../../../Engine/Plugins/Runtime/OpenXR/Content/Devices/GoogleDaydream/GoogleDaydreamController.uexp" 424
"../../../Engine/Plugins/Runtime/OpenXR/Content/Devices/HTCVive/BaseTexture.uasset" 425
"../../../Engine/Plugins/Runtime/OpenXR/Content/Devices/HTCVive/BaseTexture.uexp" 426
"../../../Engine/Plugins/Runtime/OpenXR/Content/Devices/HTCVive/BaseTexture.ubulk" 427
"../../../Engine/Plugins/Runtime/OpenXR/Content/Devices/HTCVive/MI_HTCVive.uasset" 428
"../../../Engine/Plugins/Runtime/OpenXR/Content/Devices/HTCVive/MI_HTCVive.uexp" 429
"../../../Engine/Plugins/Runtime/OpenXR/Content/Devices/HTCVive/HTCViveController.uasset" 430
"../../../Engine/Plugins/Runtime/OpenXR/Content/Devices/HTCVive/HTCViveController.uexp" 431
"../../../Engine/Plugins/Runtime/OpenXR/Content/Devices/MicrosoftMixedReality/NormalTexture.uasset" 432
"../../../Engine/Plugins/Runtime/OpenXR/Content/Devices/MicrosoftMixedReality/NormalTexture.uexp" 433
"../../../Engine/Plugins/Runtime/OpenXR/Content/Devices/MicrosoftMixedReality/NormalTexture.ubulk" 434
"../../../Engine/Plugins/Runtime/OpenXR/Content/Devices/MicrosoftMixedReality/MRTexture.uasset" 435
"../../../Engine/Plugins/Runtime/OpenXR/Content/Devices/MicrosoftMixedReality/MRTexture.uexp" 436
"../../../Engine/Plugins/Runtime/OpenXR/Content/Devices/MicrosoftMixedReality/MRTexture.ubulk" 437
"../../../Engine/Plugins/Runtime/OpenXR/Content/Devices/MicrosoftMixedReality/EmissiveTexture.uasset" 438
"../../../Engine/Plugins/Runtime/OpenXR/Content/Devices/MicrosoftMixedReality/EmissiveTexture.uexp" 439
"../../../Engine/Plugins/Runtime/OpenXR/Content/Devices/MicrosoftMixedReality/EmissiveTexture.ubulk" 440
"../../../Engine/Plugins/Runtime/OpenXR/Content/Devices/MicrosoftMixedReality/BaseTexture.uasset" 441
"../../../Engine/Plugins/Runtime/OpenXR/Content/Devices/MicrosoftMixedReality/BaseTexture.uexp" 442
"../../../Engine/Plugins/Runtime/OpenXR/Content/Devices/MicrosoftMixedReality/BaseTexture.ubulk" 443
"../../../Engine/Plugins/Runtime/OpenXR/Content/Devices/MicrosoftMixedReality/MI_MicrosoftMixedReality.uasset" 444
"../../../Engine/Plugins/Runtime/OpenXR/Content/Devices/MicrosoftMixedReality/MI_MicrosoftMixedReality.uexp" 445
"../../../Engine/Plugins/Runtime/OpenXR/Content/Devices/MicrosoftMixedReality/Left/left_MicrosoftMixedRealityController.uasset" 446
"../../../Engine/Plugins/Runtime/OpenXR/Content/Devices/MicrosoftMixedReality/Left/left_MicrosoftMixedRealityController.uexp" 447
"../../../Engine/Plugins/Runtime/OpenXR/Content/Devices/MicrosoftMixedReality/Right/right_MicrosoftMixedRealityController.uasset" 448
"../../../Engine/Plugins/Runtime/OpenXR/Content/Devices/MicrosoftMixedReality/Right/right_MicrosoftMixedRealityController.uexp" 449
"../../../Engine/Plugins/Runtime/OpenXR/Content/Devices/OculusGo/BaseTexture.uasset" 450
"../../../Engine/Plugins/Runtime/OpenXR/Content/Devices/OculusGo/BaseTexture.uexp" 451
"../../../Engine/Plugins/Runtime/OpenXR/Content/Devices/OculusGo/BaseTexture.ubulk" 452
"../../../Engine/Plugins/Runtime/OpenXR/Content/Devices/OculusGo/MI_OculusGo.uasset" 453
"../../../Engine/Plugins/Runtime/OpenXR/Content/Devices/OculusGo/MI_OculusGo.uexp" 454
"../../../Engine/Plugins/Runtime/OpenXR/Content/Devices/OculusGo/OculusGoController.uasset" 455
"../../../Engine/Plugins/Runtime/OpenXR/Content/Devices/OculusGo/OculusGoController.uexp" 456
"../../../Engine/Plugins/Runtime/OpenXR/Content/Devices/OculusTouch/MRTexture.uasset" 457
"../../../Engine/Plugins/Runtime/OpenXR/Content/Devices/OculusTouch/MRTexture.uexp" 458
"../../../Engine/Plugins/Runtime/OpenXR/Content/Devices/OculusTouch/MRTexture.ubulk" 459
"../../../Engine/Plugins/Runtime/OpenXR/Content/Devices/OculusTouch/BaseTexture.uasset" 460
"../../../Engine/Plugins/Runtime/OpenXR/Content/Devices/OculusTouch/BaseTexture.uexp" 461
"../../../Engine/Plugins/Runtime/OpenXR/Content/Devices/OculusTouch/BaseTexture.ubulk" 462
"../../../Engine/Plugins/Runtime/OpenXR/Content/Devices/OculusTouch/MI_OculusTouch.uasset" 463
"../../../Engine/Plugins/Runtime/OpenXR/Content/Devices/OculusTouch/MI_OculusTouch.uexp" 464
"../../../Engine/Plugins/Runtime/OpenXR/Content/Devices/OculusTouch/Left/left_OculusTouchController.uasset" 465
"../../../Engine/Plugins/Runtime/OpenXR/Content/Devices/OculusTouch/Left/left_OculusTouchController.uexp" 466
"../../../Engine/Plugins/Runtime/OpenXR/Content/Devices/OculusTouch/Right/right_OculusTouchController.uasset" 467
"../../../Engine/Plugins/Runtime/OpenXR/Content/Devices/OculusTouch/Right/right_OculusTouchController.uexp" 468
"../../../Engine/Plugins/Runtime/OpenXR/Content/Devices/OculusTouch_v2/MRTexture.uasset" 469
"../../../Engine/Plugins/Runtime/OpenXR/Content/Devices/OculusTouch_v2/MRTexture.uexp" 470
"../../../Engine/Plugins/Runtime/OpenXR/Content/Devices/OculusTouch_v2/MRTexture.ubulk" 471
"../../../Engine/Plugins/Runtime/OpenXR/Content/Devices/OculusTouch_v2/BaseTexture.uasset" 472
"../../../Engine/Plugins/Runtime/OpenXR/Content/Devices/OculusTouch_v2/BaseTexture.uexp" 473
"../../../Engine/Plugins/Runtime/OpenXR/Content/Devices/OculusTouch_v2/BaseTexture.ubulk" 474
"../../../Engine/Plugins/Runtime/OpenXR/Content/Devices/OculusTouch_v2/MI_OculusTouch_v2.uasset" 475
"../../../Engine/Plugins/Runtime/OpenXR/Content/Devices/OculusTouch_v2/MI_OculusTouch_v2.uexp" 476
"../../../Engine/Plugins/Runtime/OpenXR/Content/Devices/OculusTouch_v2/Left/left_OculusTouch_v2Controller.uasset" 477
"../../../Engine/Plugins/Runtime/OpenXR/Content/Devices/OculusTouch_v2/Left/left_OculusTouch_v2Controller.uexp" 478
"../../../Engine/Plugins/Runtime/OpenXR/Content/Devices/OculusTouch_v2/Right/right_OculusTouch_v2Controller.uasset" 479
"../../../Engine/Plugins/Runtime/OpenXR/Content/Devices/OculusTouch_v2/Right/right_OculusTouch_v2Controller.uexp" 480
"../../../Engine/Plugins/Runtime/OpenXR/Content/Devices/OculusTouch_v3/MRTexture.uasset" 481
"../../../Engine/Plugins/Runtime/OpenXR/Content/Devices/OculusTouch_v3/MRTexture.uexp" 482
"../../../Engine/Plugins/Runtime/OpenXR/Content/Devices/OculusTouch_v3/MRTexture.ubulk" 483
"../../../Engine/Plugins/Runtime/OpenXR/Content/Devices/OculusTouch_v3/BaseTexture.uasset" 484
"../../../Engine/Plugins/Runtime/OpenXR/Content/Devices/OculusTouch_v3/BaseTexture.uexp" 485
"../../../Engine/Plugins/Runtime/OpenXR/Content/Devices/OculusTouch_v3/BaseTexture.ubulk" 486
"../../../Engine/Plugins/Runtime/OpenXR/Content/Devices/OculusTouch_v3/MI_OculusTouch_v3.uasset" 487
"../../../Engine/Plugins/Runtime/OpenXR/Content/Devices/OculusTouch_v3/MI_OculusTouch_v3.uexp" 488
"../../../Engine/Plugins/Runtime/OpenXR/Content/Devices/OculusTouch_v3/Left/left_OculusTouch_v3Controller.uasset" 489
"../../../Engine/Plugins/Runtime/OpenXR/Content/Devices/OculusTouch_v3/Left/left_OculusTouch_v3Controller.uexp" 490
"../../../Engine/Plugins/Runtime/OpenXR/Content/Devices/OculusTouch_v3/Right/right_OculusTouch_v3Controller.uasset" 491
"../../../Engine/Plugins/Runtime/OpenXR/Content/Devices/OculusTouch_v3/Right/right_OculusTouch_v3Controller.uexp" 492
"../../../Engine/Plugins/Runtime/OpenXR/Content/Devices/ValveIndex/MRTexture.uasset" 493
"../../../Engine/Plugins/Runtime/OpenXR/Content/Devices/ValveIndex/MRTexture.uexp" 494
"../../../Engine/Plugins/Runtime/OpenXR/Content/Devices/ValveIndex/MRTexture.ubulk" 495
"../../../Engine/Plugins/Runtime/OpenXR/Content/Devices/ValveIndex/BaseTexture.uasset" 496
"../../../Engine/Plugins/Runtime/OpenXR/Content/Devices/ValveIndex/BaseTexture.uexp" 497
"../../../Engine/Plugins/Runtime/OpenXR/Content/Devices/ValveIndex/BaseTexture.ubulk" 498
"../../../Engine/Plugins/Runtime/OpenXR/Content/Devices/ValveIndex/Left/MI_left_ValveIndex.uasset" 499
"../../../Engine/Plugins/Runtime/OpenXR/Content/Devices/ValveIndex/Left/MI_left_ValveIndex.uexp" 500
"../../../Engine/Plugins/Runtime/OpenXR/Content/Devices/ValveIndex/Left/left_ValveIndexController.uasset" 501
"../../../Engine/Plugins/Runtime/OpenXR/Content/Devices/ValveIndex/Left/left_ValveIndexController.uexp" 502
"../../../Engine/Plugins/Runtime/OpenXR/Content/Devices/ValveIndex/Right/MI_right_ValveIndex.uasset" 503
"../../../Engine/Plugins/Runtime/OpenXR/Content/Devices/ValveIndex/Right/MI_right_ValveIndex.uexp" 504
"../../../Engine/Plugins/Runtime/OpenXR/Content/Devices/ValveIndex/Right/right_ValveIndexController.uasset" 505
"../../../Engine/Plugins/Runtime/OpenXR/Content/Devices/ValveIndex/Right/right_ValveIndexController.uexp" 506
"../../../Engine/Content/Functions/Engine_MaterialFunctions02/Utility/BreakOutFloat4Components.uasset" 507
"../../../Engine/Content/Functions/Engine_MaterialFunctions02/Utility/BreakOutFloat4Components.uexp" 508
"../../../Engine/Content/Functions/Engine_MaterialFunctions02/Utility/MakeFloat3.uasset" 509
"../../../Engine/Content/Functions/Engine_MaterialFunctions02/Utility/MakeFloat3.uexp" 510
"../../../Engine/Plugins/Runtime/Oculus/OculusVR/Content/Materials/OculusMR_ChromaKey.uasset" 511
"../../../Engine/Plugins/Runtime/Oculus/OculusVR/Content/Materials/OculusMR_ChromaKey.uexp" 512
"../../../Engine/Plugins/Runtime/Oculus/OculusVR/Content/Materials/OculusMR_OpaqueColoredMaterial.uasset" 513
"../../../Engine/Plugins/Runtime/Oculus/OculusVR/Content/Materials/OculusMR_OpaqueColoredMaterial.uexp" 514
"../../../Engine/Plugins/Runtime/Oculus/OculusVR/Content/Materials/PokeAHoleMaterial.uasset" 515
"../../../Engine/Plugins/Runtime/Oculus/OculusVR/Content/Materials/PokeAHoleMaterial.uexp" 516
"../../../Engine/Plugins/Runtime/Oculus/OculusVR/Content/Textures/touchController_controlmap.uasset" 517
"../../../Engine/Plugins/Runtime/Oculus/OculusVR/Content/Textures/touchController_controlmap.uexp" 518
"../../../Engine/Plugins/Runtime/Oculus/OculusVR/Content/Textures/touchController_controlmap.ubulk" 519
"../../../Engine/Plugins/Runtime/Oculus/OculusVR/Content/Textures/touchController_albedo.uasset" 520
"../../../Engine/Plugins/Runtime/Oculus/OculusVR/Content/Textures/touchController_albedo.uexp" 521
"../../../Engine/Plugins/Runtime/Oculus/OculusVR/Content/Textures/touchController_albedo.ubulk" 522
"../../../Engine/Plugins/Runtime/Oculus/OculusVR/Content/Materials/touchController_mat.uasset" 523
"../../../Engine/Plugins/Runtime/Oculus/OculusVR/Content/Materials/touchController_mat.uexp" 524
"../../../Engine/Plugins/Runtime/Oculus/OculusVR/Content/Meshes/LeftTouchController.uasset" 525
"../../../Engine/Plugins/Runtime/Oculus/OculusVR/Content/Meshes/LeftTouchController.uexp" 526
"../../../Engine/Plugins/Runtime/Oculus/OculusVR/Content/Textures/TouchForQuestRiftSController_albedo.uasset" 527
"../../../Engine/Plugins/Runtime/Oculus/OculusVR/Content/Textures/TouchForQuestRiftSController_albedo.uexp" 528
"../../../Engine/Plugins/Runtime/Oculus/OculusVR/Content/Textures/TouchForQuestRiftSController_albedo.ubulk" 529
"../../../Engine/Plugins/Runtime/Oculus/OculusVR/Content/Materials/TouchForQuestRiftSControllerMaterial.uasset" 530
"../../../Engine/Plugins/Runtime/Oculus/OculusVR/Content/Materials/TouchForQuestRiftSControllerMaterial.uexp" 531
"../../../Engine/Plugins/Runtime/Oculus/OculusVR/Content/Meshes/LeftTouchForQuestRiftSController.uasset" 532
"../../../Engine/Plugins/Runtime/Oculus/OculusVR/Content/Meshes/LeftTouchForQuestRiftSController.uexp" 533
"../../../Engine/Plugins/Runtime/Oculus/OculusVR/Content/Meshes/RiftHMD.uasset" 534
"../../../Engine/Plugins/Runtime/Oculus/OculusVR/Content/Meshes/RiftHMD.uexp" 535
"../../../Engine/Plugins/Runtime/Oculus/OculusVR/Content/Meshes/RightTouchController.uasset" 536
"../../../Engine/Plugins/Runtime/Oculus/OculusVR/Content/Meshes/RightTouchController.uexp" 537
"../../../Engine/Plugins/Runtime/Oculus/OculusVR/Content/Meshes/RightTouchForQuestRiftSController.uasset" 538
"../../../Engine/Plugins/Runtime/Oculus/OculusVR/Content/Meshes/RightTouchForQuestRiftSController.uexp" 539
"../../../Engine/Content/MapTemplates/SM_Template_Map_Floor.uasset" 540
"../../../Engine/Content/MapTemplates/SM_Template_Map_Floor.uexp" 541
"../../../Engine/Content/EngineSky/T_Sky_Stars.uasset" 542
"../../../Engine/Content/EngineSky/T_Sky_Stars.uexp" 543
"../../../Engine/Content/EngineSky/T_Sky_Stars.ubulk" 544
"../../../Engine/Content/EngineSky/T_Sky_Clouds_M.uasset" 545
"../../../Engine/Content/EngineSky/T_Sky_Clouds_M.uexp" 546
"../../../Engine/Content/EngineSky/T_Sky_Clouds_M.ubulk" 547
"../../../Engine/Content/EngineSky/T_Sky_Blue.uasset" 548
"../../../Engine/Content/EngineSky/T_Sky_Blue.uexp" 549
"../../../Engine/Content/EngineSky/T_Sky_Blue.ubulk" 550
"../../../Engine/Content/BasicShapes/Cube.uasset" 551
"../../../Engine/Content/BasicShapes/Cube.uexp" 552
"D:/2023 May Class/END/May_ENDGame/Content/END_Starter/SuperGrid/T_BasicGrid_N.uasset" 553
"D:/2023 May Class/END/May_ENDGame/Content/END_Starter/SuperGrid/T_BasicGrid_N.uexp" 554
"D:/2023 May Class/END/May_ENDGame/Content/END_Starter/SuperGrid/T_BasicGrid_N.ubulk" 555
"D:/2023 May Class/END/May_ENDGame/Content/END_Starter/SuperGrid/T_BasicGrid_M.uasset" 556
"D:/2023 May Class/END/May_ENDGame/Content/END_Starter/SuperGrid/T_BasicGrid_M.uexp" 557
"D:/2023 May Class/END/May_ENDGame/Content/END_Starter/SuperGrid/T_BasicGrid_M.ubulk" 558
"D:/2023 May Class/END/May_ENDGame/Content/END_Starter/SuperGrid/UV_SetupGrid.uasset" 559
"D:/2023 May Class/END/May_ENDGame/Content/END_Starter/SuperGrid/UV_SetupGrid.uexp" 560
"../../../Engine/Content/Functions/Engine_MaterialFunctions02/Utility/Sign.uasset" 561
"../../../Engine/Content/Functions/Engine_MaterialFunctions02/Utility/Sign.uexp" 562
"../../../Engine/Content/Functions/Engine_MaterialFunctions02/Utility/Round.uasset" 563
"../../../Engine/Content/Functions/Engine_MaterialFunctions02/Utility/Round.uexp" 564
"D:/2023 May Class/END/May_ENDGame/Content/END_Starter/SuperGrid/UV_ObjectScalable.uasset" 565
"D:/2023 May Class/END/May_ENDGame/Content/END_Starter/SuperGrid/UV_ObjectScalable.uexp" 566
"D:/2023 May Class/END/May_ENDGame/Content/END_Starter/SuperGrid/Tex_SimpleGrid.uasset" 567
"D:/2023 May Class/END/May_ENDGame/Content/END_Starter/SuperGrid/Tex_SimpleGrid.uexp" 568
"D:/2023 May Class/END/May_ENDGame/Content/END_Starter/SuperGrid/Roughness.uasset" 569
"D:/2023 May Class/END/May_ENDGame/Content/END_Starter/SuperGrid/Roughness.uexp" 570
"D:/2023 May Class/END/May_ENDGame/Content/END_Starter/SuperGrid/MakeSet.uasset" 571
"D:/2023 May Class/END/May_ENDGame/Content/END_Starter/SuperGrid/MakeSet.uexp" 572
"D:/2023 May Class/END/May_ENDGame/Content/END_Starter/SuperGrid/BreakSet.uasset" 573
"D:/2023 May Class/END/May_ENDGame/Content/END_Starter/SuperGrid/BreakSet.uexp" 574
"D:/2023 May Class/END/May_ENDGame/Content/END_Starter/SuperGrid/Dye_SingleColor.uasset" 575
"D:/2023 May Class/END/May_ENDGame/Content/END_Starter/SuperGrid/Dye_SingleColor.uexp" 576
"D:/2023 May Class/END/May_ENDGame/Content/END_Starter/SuperGrid/M_SuperGrid_SingleColor.uasset" 577
"D:/2023 May Class/END/May_ENDGame/Content/END_Starter/SuperGrid/M_SuperGrid_SingleColor.uexp" 578
"D:/2023 May Class/END/May_ENDGame/Content/END_Starter/SuperGrid/M_SuperGrid_Default.uasset" 579
"D:/2023 May Class/END/May_ENDGame/Content/END_Starter/SuperGrid/M_SuperGrid_Default.uexp" 580
"../../../Engine/Content/EngineSky/M_Sky_Panning_Clouds2.uasset" 581
"../../../Engine/Content/EngineSky/M_Sky_Panning_Clouds2.uexp" 582
"../../../Engine/Content/BasicShapes/BasicShapeMaterial.uasset" 583
"../../../Engine/Content/BasicShapes/BasicShapeMaterial.uexp" 584
"D:/2023 May Class/END/May_ENDGame/Content/Maps/Default_BuiltData.uasset" 585
"D:/2023 May Class/END/May_ENDGame/Content/Maps/Default_BuiltData.uexp" 586
"D:/2023 May Class/END/May_ENDGame/Content/Maps/Default_BuiltData.ubulk" 587
"D:/2023 May Class/END/May_ENDGame/Content/Core/Actors/Controllers/BP_GamePlayerController.uasset" 588
"D:/2023 May Class/END/May_ENDGame/Content/Core/Actors/Controllers/BP_GamePlayerController.uexp" 589
"../../../Engine/Content/EngineMeshes/Humanoid.uasset" 590
"../../../Engine/Content/EngineMeshes/Humanoid.uexp" 591
"D:/2023 May Class/END/May_ENDGame/Content/END_Starter/Mannequin/SKEL_Mannequin.uasset" 592
"D:/2023 May Class/END/May_ENDGame/Content/END_Starter/Mannequin/SKEL_Mannequin.uexp" 593
"../../../Engine/Content/Animation/DefaultAnimCurveCompressionSettings.uasset" 594
"../../../Engine/Content/Animation/DefaultAnimCurveCompressionSettings.uexp" 595
"../../../Engine/Content/Animation/DefaultAnimBoneCompressionSettings.uasset" 596
"../../../Engine/Content/Animation/DefaultAnimBoneCompressionSettings.uexp" 597
"D:/2023 May Class/END/May_ENDGame/Content/END_Starter/Mannequin/A_Jog_Rightt_Launcher.uasset" 598
"D:/2023 May Class/END/May_ENDGame/Content/END_Starter/Mannequin/A_Jog_Rightt_Launcher.uexp" 599
"D:/2023 May Class/END/May_ENDGame/Content/END_Starter/Mannequin/A_Jog_Left_Launcher.uasset" 600
"D:/2023 May Class/END/May_ENDGame/Content/END_Starter/Mannequin/A_Jog_Left_Launcher.uexp" 601
"D:/2023 May Class/END/May_ENDGame/Content/END_Starter/Mannequin/A_Jog_Fwd_Launcher.uasset" 602
"D:/2023 May Class/END/May_ENDGame/Content/END_Starter/Mannequin/A_Jog_Fwd_Launcher.uexp" 603
"D:/2023 May Class/END/May_ENDGame/Content/END_Starter/Mannequin/A_Jog_Backward_Launcher.uasset" 604
"D:/2023 May Class/END/May_ENDGame/Content/END_Starter/Mannequin/A_Jog_Backward_Launcher.uexp" 605
"D:/2023 May Class/END/May_ENDGame/Content/END_Starter/Mannequin/A_Idle_Launcher.uasset" 606
"D:/2023 May Class/END/May_ENDGame/Content/END_Starter/Mannequin/A_Idle_Launcher.uexp" 607
"D:/2023 May Class/END/May_ENDGame/Content/Art/BS_MovementLauncher.uasset" 608
"D:/2023 May Class/END/May_ENDGame/Content/Art/BS_MovementLauncher.uexp" 609
"D:/2023 May Class/END/May_ENDGame/Content/END_Starter/Mannequin/A_Reload_Launcher.uasset" 610
"D:/2023 May Class/END/May_ENDGame/Content/END_Starter/Mannequin/A_Reload_Launcher.uexp" 611
"D:/2023 May Class/END/May_ENDGame/Content/END_Starter/Mannequin/A_Hit_React4.uasset" 612
"D:/2023 May Class/END/May_ENDGame/Content/END_Starter/Mannequin/A_Hit_React4.uexp" 613
"D:/2023 May Class/END/May_ENDGame/Content/END_Starter/Mannequin/A_Hit_React3.uasset" 614
"D:/2023 May Class/END/May_ENDGame/Content/END_Starter/Mannequin/A_Hit_React3.uexp" 615
"D:/2023 May Class/END/May_ENDGame/Content/END_Starter/Mannequin/A_Hit_React2.uasset" 616
"D:/2023 May Class/END/May_ENDGame/Content/END_Starter/Mannequin/A_Hit_React2.uexp" 617
"D:/2023 May Class/END/May_ENDGame/Content/END_Starter/Mannequin/A_Hit_React1.uasset" 618
"D:/2023 May Class/END/May_ENDGame/Content/END_Starter/Mannequin/A_Hit_React1.uexp" 619
"D:/2023 May Class/END/May_ENDGame/Content/END_Starter/Mannequin/A_Fire_Launcher.uasset" 620
"D:/2023 May Class/END/May_ENDGame/Content/END_Starter/Mannequin/A_Fire_Launcher.uexp" 621
"D:/2023 May Class/END/May_ENDGame/Content/END_Starter/Mannequin/A_Death3_Launcher.uasset" 622
"D:/2023 May Class/END/May_ENDGame/Content/END_Starter/Mannequin/A_Death3_Launcher.uexp" 623
"D:/2023 May Class/END/May_ENDGame/Content/END_Starter/Mannequin/A_Death2_Launcher.uasset" 624
"D:/2023 May Class/END/May_ENDGame/Content/END_Starter/Mannequin/A_Death2_Launcher.uexp" 625
"D:/2023 May Class/END/May_ENDGame/Content/END_Starter/Mannequin/A_Death1_Launcher.uasset" 626
"D:/2023 May Class/END/May_ENDGame/Content/END_Starter/Mannequin/A_Death1_Launcher.uexp" 627
"D:/2023 May Class/END/May_ENDGame/Content/END_Starter/Mannequin/A_Walk_Right_Ironsights.uasset" 628
"D:/2023 May Class/END/May_ENDGame/Content/END_Starter/Mannequin/A_Walk_Right_Ironsights.uexp" 629
"D:/2023 May Class/END/May_ENDGame/Content/END_Starter/Mannequin/A_Walk_Left_Ironsights.uasset" 630
"D:/2023 May Class/END/May_ENDGame/Content/END_Starter/Mannequin/A_Walk_Left_Ironsights.uexp" 631
"D:/2023 May Class/END/May_ENDGame/Content/END_Starter/Mannequin/A_Walk_Forward_Ironsights.uasset" 632
"D:/2023 May Class/END/May_ENDGame/Content/END_Starter/Mannequin/A_Walk_Forward_Ironsights.uexp" 633
"D:/2023 May Class/END/May_ENDGame/Content/END_Starter/Mannequin/A_Walk_Back_Ironsights.uasset" 634
"D:/2023 May Class/END/May_ENDGame/Content/END_Starter/Mannequin/A_Walk_Back_Ironsights.uexp" 635
"D:/2023 May Class/END/May_ENDGame/Content/END_Starter/Mannequin/A_Idle_Ironsights.uasset" 636
"D:/2023 May Class/END/May_ENDGame/Content/END_Starter/Mannequin/A_Idle_Ironsights.uexp" 637
"D:/2023 May Class/END/May_ENDGame/Content/Art/BS_Rifle.uasset" 638
"D:/2023 May Class/END/May_ENDGame/Content/Art/BS_Rifle.uexp" 639
"D:/2023 May Class/END/May_ENDGame/Content/END_Starter/Mannequin/A_Death1_Ironsights.uasset" 640
"D:/2023 May Class/END/May_ENDGame/Content/END_Starter/Mannequin/A_Death1_Ironsights.uexp" 641
"D:/2023 May Class/END/May_ENDGame/Content/END_Starter/Mannequin/A_Death2_Ironsights.uasset" 642
"D:/2023 May Class/END/May_ENDGame/Content/END_Starter/Mannequin/A_Death2_Ironsights.uexp" 643
"D:/2023 May Class/END/May_ENDGame/Content/END_Starter/Mannequin/A_Fire_Ironsights.uasset" 644
"D:/2023 May Class/END/May_ENDGame/Content/END_Starter/Mannequin/A_Fire_Ironsights.uexp" 645
"D:/2023 May Class/END/May_ENDGame/Content/END_Starter/Mannequin/A_Hit_Ironsights.uasset" 646
"D:/2023 May Class/END/May_ENDGame/Content/END_Starter/Mannequin/A_Hit_Ironsights.uexp" 647
"D:/2023 May Class/END/May_ENDGame/Content/END_Starter/Mannequin/A_Reload_Ironsights.uasset" 648
"D:/2023 May Class/END/May_ENDGame/Content/END_Starter/Mannequin/A_Reload_Ironsights.uexp" 649
"D:/2023 May Class/END/May_ENDGame/Content/Core/ABP_Rifle.uasset" 650
"D:/2023 May Class/END/May_ENDGame/Content/Core/ABP_Rifle.uexp" 651
"D:/2023 May Class/END/May_ENDGame/Content/Art/APB_Launcher.uasset" 652
"D:/2023 May Class/END/May_ENDGame/Content/Art/APB_Launcher.uexp" 653
"D:/2023 May Class/END/May_ENDGame/Content/END_Starter/VFX/Common/T_Smoke_Tiled_D.uasset" 654
"D:/2023 May Class/END/May_ENDGame/Content/END_Starter/VFX/Common/T_Smoke_Tiled_D.uexp" 655
"D:/2023 May Class/END/May_ENDGame/Content/END_Starter/VFX/Common/T_Smoke_Tiled_D.ubulk" 656
"D:/2023 May Class/END/May_ENDGame/Content/END_Starter/VFX/BurningFire/T_Smoke_SubUV.uasset" 657
"D:/2023 May Class/END/May_ENDGame/Content/END_Starter/VFX/BurningFire/T_Smoke_SubUV.uexp" 658
"D:/2023 May Class/END/May_ENDGame/Content/END_Starter/VFX/BurningFire/T_Smoke_SubUV.ubulk" 659
"D:/2023 May Class/END/May_ENDGame/Content/END_Starter/VFX/Common/M_smoke_subUV.uasset" 660
"D:/2023 May Class/END/May_ENDGame/Content/END_Starter/VFX/Common/M_smoke_subUV.uexp" 661
"../../../Engine/Content/Functions/Engine_MaterialFunctions01/Gradient/RadialGradient.uasset" 662
"../../../Engine/Content/Functions/Engine_MaterialFunctions01/Gradient/RadialGradient.uexp" 663
"D:/2023 May Class/END/May_ENDGame/Content/END_Starter/VFX/BurningFire/M_Radial_Gradient.uasset" 664
"D:/2023 May Class/END/May_ENDGame/Content/END_Starter/VFX/BurningFire/M_Radial_Gradient.uexp" 665
"D:/2023 May Class/END/May_ENDGame/Content/END_Starter/VFX/BurningFire/T_Water_N.uasset" 666
"D:/2023 May Class/END/May_ENDGame/Content/END_Starter/VFX/BurningFire/T_Water_N.uexp" 667
"D:/2023 May Class/END/May_ENDGame/Content/END_Starter/VFX/BurningFire/T_Water_N.ubulk" 668
"D:/2023 May Class/END/May_ENDGame/Content/END_Starter/VFX/BurningFire/M_Heat_Distortion.uasset" 669
"D:/2023 May Class/END/May_ENDGame/Content/END_Starter/VFX/BurningFire/M_Heat_Distortion.uexp" 670
"D:/2023 May Class/END/May_ENDGame/Content/END_Starter/VFX/BurningFire/T_Fire_Tiled_D.uasset" 671
"D:/2023 May Class/END/May_ENDGame/Content/END_Starter/VFX/BurningFire/T_Fire_Tiled_D.uexp" 672
"D:/2023 May Class/END/May_ENDGame/Content/END_Starter/VFX/BurningFire/T_Fire_Tiled_D.ubulk" 673
"D:/2023 May Class/END/May_ENDGame/Content/END_Starter/VFX/BurningFire/T_Fire_SubUV.uasset" 674
"D:/2023 May Class/END/May_ENDGame/Content/END_Starter/VFX/BurningFire/T_Fire_SubUV.uexp" 675
"D:/2023 May Class/END/May_ENDGame/Content/END_Starter/VFX/BurningFire/T_Fire_SubUV.ubulk" 676
"D:/2023 May Class/END/May_ENDGame/Content/END_Starter/VFX/BurningFire/M_Fire_SubUV.uasset" 677
"D:/2023 May Class/END/May_ENDGame/Content/END_Starter/VFX/BurningFire/M_Fire_SubUV.uexp" 678
"D:/2023 May Class/END/May_ENDGame/Content/END_Starter/VFX/BurningFire/P_Burning.uasset" 679
"D:/2023 May Class/END/May_ENDGame/Content/END_Starter/VFX/BurningFire/P_Burning.uexp" 680
"D:/2023 May Class/END/May_ENDGame/Content/Core/Actors/BP_FireEffect.uasset" 681
"D:/2023 May Class/END/May_ENDGame/Content/Core/Actors/BP_FireEffect.uexp" 682
"D:/2023 May Class/END/May_ENDGame/Content/END_Starter/Mannequin/PHYS_Mannequin.uasset" 683
"D:/2023 May Class/END/May_ENDGame/Content/END_Starter/Mannequin/PHYS_Mannequin.uexp" 684
"D:/2023 May Class/END/May_ENDGame/Content/END_Starter/Mannequin/T_Logo_Card_N.uasset" 685
"D:/2023 May Class/END/May_ENDGame/Content/END_Starter/Mannequin/T_Logo_Card_N.uexp" 686
"D:/2023 May Class/END/May_ENDGame/Content/END_Starter/Mannequin/T_Logo_Card_N.ubulk" 687
"D:/2023 May Class/END/May_ENDGame/Content/END_Starter/Mannequin/T_Mannequin_O.uasset" 688
"D:/2023 May Class/END/May_ENDGame/Content/END_Starter/Mannequin/T_Mannequin_O.uexp" 689
"D:/2023 May Class/END/May_ENDGame/Content/END_Starter/Mannequin/T_Mannequin_O.ubulk" 690
"D:/2023 May Class/END/May_ENDGame/Content/END_Starter/Mannequin/T_Mannequin_N.uasset" 691
"D:/2023 May Class/END/May_ENDGame/Content/END_Starter/Mannequin/T_Mannequin_N.uexp" 692
"D:/2023 May Class/END/May_ENDGame/Content/END_Starter/Mannequin/T_Mannequin_N.ubulk" 693
"D:/2023 May Class/END/May_ENDGame/Content/END_Starter/Mannequin/T_Mannequin_M.uasset" 694
"D:/2023 May Class/END/May_ENDGame/Content/END_Starter/Mannequin/T_Mannequin_M.uexp" 695
"D:/2023 May Class/END/May_ENDGame/Content/END_Starter/Mannequin/T_Mannequin_M.ubulk" 696
"../../../Engine/Content/Functions/MaterialLayerFunctions/MatLayerBlend_Simple.uasset" 697
"../../../Engine/Content/Functions/MaterialLayerFunctions/MatLayerBlend_Simple.uexp" 698
"../../../Engine/Content/Functions/Engine_MaterialFunctions02/Utility/BlendAngleCorrectedNormals.uasset" 699
"../../../Engine/Content/Functions/Engine_MaterialFunctions02/Utility/BlendAngleCorrectedNormals.uexp" 700
"../../../Engine/Content/Functions/MaterialLayerFunctions/MatLayerBlend_NormalBlend.uasset" 701
"../../../Engine/Content/Functions/MaterialLayerFunctions/MatLayerBlend_NormalBlend.uexp" 702
"../../../Engine/Content/Functions/MaterialLayerFunctions/MatLayerBlend_AO.uasset" 703
"../../../Engine/Content/Functions/MaterialLayerFunctions/MatLayerBlend_AO.uexp" 704
"D:/2023 May Class/END/May_ENDGame/Content/END_Starter/Mannequin/T_ML_Aluminum01_N.uasset" 705
"D:/2023 May Class/END/May_ENDGame/Content/END_Starter/Mannequin/T_ML_Aluminum01_N.uexp" 706
"D:/2023 May Class/END/May_ENDGame/Content/END_Starter/Mannequin/T_ML_Aluminum01_N.ubulk" 707
"D:/2023 May Class/END/May_ENDGame/Content/END_Starter/Mannequin/T_ML_Aluminum01.uasset" 708
"D:/2023 May Class/END/May_ENDGame/Content/END_Starter/Mannequin/T_ML_Aluminum01.uexp" 709
"D:/2023 May Class/END/May_ENDGame/Content/END_Starter/Mannequin/T_ML_Aluminum01.ubulk" 710
"D:/2023 May Class/END/May_ENDGame/Content/END_Starter/Mannequin/ML_SoftMetal_UE4.uasset" 711
"D:/2023 May Class/END/May_ENDGame/Content/END_Starter/Mannequin/ML_SoftMetal_UE4.uexp" 712
"D:/2023 May Class/END/May_ENDGame/Content/END_Starter/Mannequin/T_Logo_Card_D.uasset" 713
"D:/2023 May Class/END/May_ENDGame/Content/END_Starter/Mannequin/T_Logo_Card_D.uexp" 714
"D:/2023 May Class/END/May_ENDGame/Content/END_Starter/Mannequin/T_Logo_Card_D.ubulk" 715
"D:/2023 May Class/END/May_ENDGame/Content/END_Starter/Mannequin/ML_Plastic_Shiny_Beige_LOGO.uasset" 716
"D:/2023 May Class/END/May_ENDGame/Content/END_Starter/Mannequin/ML_Plastic_Shiny_Beige_LOGO.uexp" 717
"D:/2023 May Class/END/May_ENDGame/Content/END_Starter/Mannequin/ML_Plastic_Shiny_Beige.uasset" 718
"D:/2023 May Class/END/May_ENDGame/Content/END_Starter/Mannequin/ML_Plastic_Shiny_Beige.uexp" 719
"D:/2023 May Class/END/May_ENDGame/Content/END_Starter/Mannequin/T_ML_Rubber_Blue_01_D.uasset" 720
"D:/2023 May Class/END/May_ENDGame/Content/END_Starter/Mannequin/T_ML_Rubber_Blue_01_D.uexp" 721
"D:/2023 May Class/END/May_ENDGame/Content/END_Starter/Mannequin/T_ML_Rubber_Blue_01_D.ubulk" 722
"D:/2023 May Class/END/May_ENDGame/Content/END_Starter/Mannequin/T_ML_Rubber_Blue_01_N.uasset" 723
"D:/2023 May Class/END/May_ENDGame/Content/END_Starter/Mannequin/T_ML_Rubber_Blue_01_N.uexp" 724
"D:/2023 May Class/END/May_ENDGame/Content/END_Starter/Mannequin/T_ML_Rubber_Blue_01_N.ubulk" 725
"D:/2023 May Class/END/May_ENDGame/Content/END_Starter/Mannequin/ML_GlossyBlack_Latex_UE4.uasset" 726
"D:/2023 May Class/END/May_ENDGame/Content/END_Starter/Mannequin/ML_GlossyBlack_Latex_UE4.uexp" 727
"D:/2023 May Class/END/May_ENDGame/Content/END_Starter/Mannequin/M_UE4Man_Body.uasset" 728
"D:/2023 May Class/END/May_ENDGame/Content/END_Starter/Mannequin/M_UE4Man_Body.uexp" 729
"D:/2023 May Class/END/May_ENDGame/Content/END_Starter/Mannequin/M_UE4Man_ChestLogo.uasset" 730
"D:/2023 May Class/END/May_ENDGame/Content/END_Starter/Mannequin/M_UE4Man_ChestLogo.uexp" 731
"D:/2023 May Class/END/May_ENDGame/Content/END_Starter/Mannequin/SK_Mannequin.uasset" 732
"D:/2023 May Class/END/May_ENDGame/Content/END_Starter/Mannequin/SK_Mannequin.uexp" 733
"D:/2023 May Class/END/May_ENDGame/Content/Core/Actors/BP_CodeStickyBomb.uasset" 734
"D:/2023 May Class/END/May_ENDGame/Content/Core/Actors/BP_CodeStickyBomb.uexp" 735
"D:/2023 May Class/END/May_ENDGame/Content/END_Starter/Guns/Launcher/SKEL_Launcher.uasset" 736
"D:/2023 May Class/END/May_ENDGame/Content/END_Starter/Guns/Launcher/SKEL_Launcher.uexp" 737
"D:/2023 May Class/END/May_ENDGame/Content/END_Starter/Guns/Launcher/PHYS__Launcher.uasset" 738
"D:/2023 May Class/END/May_ENDGame/Content/END_Starter/Guns/Launcher/PHYS__Launcher.uexp" 739
"D:/2023 May Class/END/May_ENDGame/Content/END_Starter/Guns/Launcher/T_LauncherT2_shade.uasset" 740
"D:/2023 May Class/END/May_ENDGame/Content/END_Starter/Guns/Launcher/T_LauncherT2_shade.uexp" 741
"D:/2023 May Class/END/May_ENDGame/Content/END_Starter/Guns/Launcher/T_LauncherT2_shade.ubulk" 742
"D:/2023 May Class/END/May_ENDGame/Content/END_Starter/Guns/Launcher/T_LauncherT2_section.uasset" 743
"D:/2023 May Class/END/May_ENDGame/Content/END_Starter/Guns/Launcher/T_LauncherT2_section.uexp" 744
"D:/2023 May Class/END/May_ENDGame/Content/END_Starter/Guns/Launcher/T_LauncherT2_section.ubulk" 745
"D:/2023 May Class/END/May_ENDGame/Content/END_Starter/Guns/Launcher/T_Launcher_02_N.uasset" 746
"D:/2023 May Class/END/May_ENDGame/Content/END_Starter/Guns/Launcher/T_Launcher_02_N.uexp" 747
"D:/2023 May Class/END/May_ENDGame/Content/END_Starter/Guns/Launcher/T_Launcher_02_N.ubulk" 748
"../../../Engine/Content/Functions/MaterialLayerFunctions/MatLayerBlend_Decal.uasset" 749
"../../../Engine/Content/Functions/MaterialLayerFunctions/MatLayerBlend_Decal.uexp" 750
"../../../Engine/Content/Functions/MaterialLayerFunctions/MatLayerBlend_TintAllChannels.uasset" 751
"../../../Engine/Content/Functions/MaterialLayerFunctions/MatLayerBlend_TintAllChannels.uexp" 752
"../../../Engine/Content/Functions/MaterialLayerFunctions/MatLayerBlend_Standard.uasset" 753
"../../../Engine/Content/Functions/MaterialLayerFunctions/MatLayerBlend_Standard.uexp" 754
"../../../Engine/Content/Functions/MaterialLayerFunctions/MatLayerBlend_RoughnessOverride.uasset" 755
"../../../Engine/Content/Functions/MaterialLayerFunctions/MatLayerBlend_RoughnessOverride.uexp" 756
"../../../Engine/Content/Functions/MaterialLayerFunctions/MatLayerBlend_Emissive.uasset" 757
"../../../Engine/Content/Functions/MaterialLayerFunctions/MatLayerBlend_Emissive.uexp" 758
"../../../Engine/Content/Functions/MaterialLayerFunctions/MatLayerBlend_BakedNormal.uasset" 759
"../../../Engine/Content/Functions/MaterialLayerFunctions/MatLayerBlend_BakedNormal.uexp" 760
"../../../Engine/Content/Functions/Engine_MaterialFunctions01/Texturing/FlattenNormal.uasset" 761
"../../../Engine/Content/Functions/Engine_MaterialFunctions01/Texturing/FlattenNormal.uexp" 762
"D:/2023 May Class/END/May_ENDGame/Content/END_Starter/Guns/Launcher/T_ExampleLayers_Metal02_N.uasset" 763
"D:/2023 May Class/END/May_ENDGame/Content/END_Starter/Guns/Launcher/T_ExampleLayers_Metal02_N.uexp" 764
"D:/2023 May Class/END/May_ENDGame/Content/END_Starter/Guns/Launcher/T_ExampleLayers_Metal02_N.ubulk" 765
"D:/2023 May Class/END/May_ENDGame/Content/END_Starter/Guns/Launcher/ML_Metal_Copper.uasset" 766
"D:/2023 May Class/END/May_ENDGame/Content/END_Starter/Guns/Launcher/ML_Metal_Copper.uexp" 767
"D:/2023 May Class/END/May_ENDGame/Content/END_Starter/Guns/Common/T_MagGun_Decals.uasset" 768
"D:/2023 May Class/END/May_ENDGame/Content/END_Starter/Guns/Common/T_MagGun_Decals.uexp" 769
"D:/2023 May Class/END/May_ENDGame/Content/END_Starter/Guns/Common/T_MagGun_Decals.ubulk" 770
"D:/2023 May Class/END/May_ENDGame/Content/END_Starter/Guns/Common/T_Rubber.uasset" 771
"D:/2023 May Class/END/May_ENDGame/Content/END_Starter/Guns/Common/T_Rubber.uexp" 772
"D:/2023 May Class/END/May_ENDGame/Content/END_Starter/Guns/Common/T_Rubber.ubulk" 773
"D:/2023 May Class/END/May_ENDGame/Content/END_Starter/Guns/Common/MF_BoltMetal.uasset" 774
"D:/2023 May Class/END/May_ENDGame/Content/END_Starter/Guns/Common/MF_BoltMetal.uexp" 775
"D:/2023 May Class/END/May_ENDGame/Content/END_Starter/Guns/Common/T_Metal_Metal02_D.uasset" 776
"D:/2023 May Class/END/May_ENDGame/Content/END_Starter/Guns/Common/T_Metal_Metal02_D.uexp" 777
"D:/2023 May Class/END/May_ENDGame/Content/END_Starter/Guns/Common/T_Metal_Metal02_D.ubulk" 778
"D:/2023 May Class/END/May_ENDGame/Content/END_Starter/Guns/Common/MF_Metal_Gray.uasset" 779
"D:/2023 May Class/END/May_ENDGame/Content/END_Starter/Guns/Common/MF_Metal_Gray.uexp" 780
"D:/2023 May Class/END/May_ENDGame/Content/END_Starter/Guns/Common/T_PaintedMetal01_N.uasset" 781
"D:/2023 May Class/END/May_ENDGame/Content/END_Starter/Guns/Common/T_PaintedMetal01_N.uexp" 782
"D:/2023 May Class/END/May_ENDGame/Content/END_Starter/Guns/Common/T_PaintedMetal01_N.ubulk" 783
"D:/2023 May Class/END/May_ENDGame/Content/END_Starter/Guns/Common/T_PaintedMetal02.uasset" 784
"D:/2023 May Class/END/May_ENDGame/Content/END_Starter/Guns/Common/T_PaintedMetal02.uexp" 785
"D:/2023 May Class/END/May_ENDGame/Content/END_Starter/Guns/Common/T_PaintedMetal02.ubulk" 786
"D:/2023 May Class/END/May_ENDGame/Content/END_Starter/Guns/Common/MF_Paint.uasset" 787
"D:/2023 May Class/END/May_ENDGame/Content/END_Starter/Guns/Common/MF_Paint.uexp" 788
"D:/2023 May Class/END/May_ENDGame/Content/END_Starter/Guns/Common/MF_Rubber.uasset" 789
"D:/2023 May Class/END/May_ENDGame/Content/END_Starter/Guns/Common/MF_Rubber.uexp" 790
"D:/2023 May Class/END/May_ENDGame/Content/END_Starter/Guns/Launcher/M_LauncherB.uasset" 791
"D:/2023 May Class/END/May_ENDGame/Content/END_Starter/Guns/Launcher/M_LauncherB.uexp" 792
"D:/2023 May Class/END/May_ENDGame/Content/END_Starter/Guns/Launcher/MI_LauncherB.uasset" 793
"D:/2023 May Class/END/May_ENDGame/Content/END_Starter/Guns/Launcher/MI_LauncherB.uexp" 794
"D:/2023 May Class/END/May_ENDGame/Content/END_Starter/Guns/Launcher/T_LauncherT1_shade.uasset" 795
"D:/2023 May Class/END/May_ENDGame/Content/END_Starter/Guns/Launcher/T_LauncherT1_shade.uexp" 796
"D:/2023 May Class/END/May_ENDGame/Content/END_Starter/Guns/Launcher/T_LauncherT1_shade.ubulk" 797
"D:/2023 May Class/END/May_ENDGame/Content/END_Starter/Guns/Launcher/T_LauncherT1_section.uasset" 798
"D:/2023 May Class/END/May_ENDGame/Content/END_Starter/Guns/Launcher/T_LauncherT1_section.uexp" 799
"D:/2023 May Class/END/May_ENDGame/Content/END_Starter/Guns/Launcher/T_LauncherT1_section.ubulk" 800
"D:/2023 May Class/END/May_ENDGame/Content/END_Starter/Guns/Launcher/T_Launcher_01_N.uasset" 801
"D:/2023 May Class/END/May_ENDGame/Content/END_Starter/Guns/Launcher/T_Launcher_01_N.uexp" 802
"D:/2023 May Class/END/May_ENDGame/Content/END_Starter/Guns/Launcher/T_Launcher_01_N.ubulk" 803
"D:/2023 May Class/END/May_ENDGame/Content/END_Starter/Guns/Launcher/M_LauncherA.uasset" 804
"D:/2023 May Class/END/May_ENDGame/Content/END_Starter/Guns/Launcher/M_LauncherA.uexp" 805
"D:/2023 May Class/END/May_ENDGame/Content/END_Starter/Guns/Launcher/MI_LauncherA.uasset" 806
"D:/2023 May Class/END/May_ENDGame/Content/END_Starter/Guns/Launcher/MI_LauncherA.uexp" 807
"D:/2023 May Class/END/May_ENDGame/Content/END_Starter/Guns/Launcher/SK_Launcher.uasset" 808
"D:/2023 May Class/END/May_ENDGame/Content/END_Starter/Guns/Launcher/SK_Launcher.uexp" 809
"D:/2023 May Class/END/May_ENDGame/Content/Core/Actors/BP_CodeLauncher.uasset" 810
"D:/2023 May Class/END/May_ENDGame/Content/Core/Actors/BP_CodeLauncher.uexp" 811
"D:/2023 May Class/END/May_ENDGame/Content/END_Starter/Guns/Rifle/T_RifleIcon.uasset" 812
"D:/2023 May Class/END/May_ENDGame/Content/END_Starter/Guns/Rifle/T_RifleIcon.uexp" 813
"D:/2023 May Class/END/May_ENDGame/Content/END_Starter/Guns/Rifle/T_RifleIcon.ubulk" 814
"D:/2023 May Class/END/May_ENDGame/Content/Art/M_RifleIcon.uasset" 815
"D:/2023 May Class/END/May_ENDGame/Content/Art/M_RifleIcon.uexp" 816
"D:/2023 May Class/END/May_ENDGame/Content/END_Starter/Guns/Launcher/T_LauncherIcon.uasset" 817
"D:/2023 May Class/END/May_ENDGame/Content/END_Starter/Guns/Launcher/T_LauncherIcon.uexp" 818
"D:/2023 May Class/END/May_ENDGame/Content/END_Starter/Guns/Launcher/T_LauncherIcon.ubulk" 819
"D:/2023 May Class/END/May_ENDGame/Content/Art/MI_LauncherIcon.uasset" 820
"D:/2023 May Class/END/May_ENDGame/Content/Art/MI_LauncherIcon.uexp" 821
"D:/2023 May Class/END/May_ENDGame/Content/END_Starter/T_Crosshair1.uasset" 822
"D:/2023 May Class/END/May_ENDGame/Content/END_Starter/T_Crosshair1.uexp" 823
"D:/2023 May Class/END/May_ENDGame/Content/Art/M_Crosshair.uasset" 824
"D:/2023 May Class/END/May_ENDGame/Content/Art/M_Crosshair.uexp" 825
"D:/2023 May Class/END/May_ENDGame/Content/END_Starter/T_Crosshair2.uasset" 826
"D:/2023 May Class/END/May_ENDGame/Content/END_Starter/T_Crosshair2.uexp" 827
"D:/2023 May Class/END/May_ENDGame/Content/END_Starter/T_Crosshair2.ubulk" 828
"D:/2023 May Class/END/May_ENDGame/Content/Art/MI_Crosshair_Launcher.uasset" 829
"D:/2023 May Class/END/May_ENDGame/Content/Art/MI_Crosshair_Launcher.uexp" 830
"D:/2023 May Class/END/May_ENDGame/Content/Core/Widgets/WBP_HUD.uasset" 831
"D:/2023 May Class/END/May_ENDGame/Content/Core/Widgets/WBP_HUD.uexp" 832
"D:/2023 May Class/END/May_ENDGame/Content/Core/Actors/BP_CodeBullet.uasset" 833
"D:/2023 May Class/END/May_ENDGame/Content/Core/Actors/BP_CodeBullet.uexp" 834
"D:/2023 May Class/END/May_ENDGame/Content/END_Starter/Guns/Rifle/SKEL_Rifle.uasset" 835
"D:/2023 May Class/END/May_ENDGame/Content/END_Starter/Guns/Rifle/SKEL_Rifle.uexp" 836
"D:/2023 May Class/END/May_ENDGame/Content/END_Starter/Guns/Rifle/PHYS_Rifle.uasset" 837
"D:/2023 May Class/END/May_ENDGame/Content/END_Starter/Guns/Rifle/PHYS_Rifle.uexp" 838
"D:/2023 May Class/END/May_ENDGame/Content/END_Starter/Guns/Rifle/T_SightLensB_M.uasset" 839
"D:/2023 May Class/END/May_ENDGame/Content/END_Starter/Guns/Rifle/T_SightLensB_M.uexp" 840
"D:/2023 May Class/END/May_ENDGame/Content/END_Starter/Guns/Rifle/T_SightLensB_M.ubulk" 841
"D:/2023 May Class/END/May_ENDGame/Content/END_Starter/Guns/Rifle/T_SightLensA_M.uasset" 842
"D:/2023 May Class/END/May_ENDGame/Content/END_Starter/Guns/Rifle/T_SightLensA_M.uexp" 843
"D:/2023 May Class/END/May_ENDGame/Content/END_Starter/Guns/Rifle/T_SightLensA_M.ubulk" 844
"D:/2023 May Class/END/May_ENDGame/Content/END_Starter/Guns/Rifle/T_holo_layer_S.uasset" 845
"D:/2023 May Class/END/May_ENDGame/Content/END_Starter/Guns/Rifle/T_holo_layer_S.uexp" 846
"D:/2023 May Class/END/May_ENDGame/Content/END_Starter/Guns/Rifle/T_holo_layer_S.ubulk" 847
"D:/2023 May Class/END/May_ENDGame/Content/END_Starter/Guns/Rifle/M_MagGun_SightLens.uasset" 848
"D:/2023 May Class/END/May_ENDGame/Content/END_Starter/Guns/Rifle/M_MagGun_SightLens.uexp" 849
"D:/2023 May Class/END/May_ENDGame/Content/END_Starter/Guns/Rifle/MI_MagGun_SightLens.uasset" 850
"D:/2023 May Class/END/May_ENDGame/Content/END_Starter/Guns/Rifle/MI_MagGun_SightLens.uexp" 851
"D:/2023 May Class/END/May_ENDGame/Content/END_Starter/Guns/Rifle/T_MagGunT1_shade.uasset" 852
"D:/2023 May Class/END/May_ENDGame/Content/END_Starter/Guns/Rifle/T_MagGunT1_shade.uexp" 853
"D:/2023 May Class/END/May_ENDGame/Content/END_Starter/Guns/Rifle/T_MagGunT1_shade.ubulk" 854
"D:/2023 May Class/END/May_ENDGame/Content/END_Starter/Guns/Rifle/T_MagGunT1_section.uasset" 855
"D:/2023 May Class/END/May_ENDGame/Content/END_Starter/Guns/Rifle/T_MagGunT1_section.uexp" 856
"D:/2023 May Class/END/May_ENDGame/Content/END_Starter/Guns/Rifle/T_MagGunT1_section.ubulk" 857
"D:/2023 May Class/END/May_ENDGame/Content/END_Starter/Guns/Rifle/T_MagGun_01_N.uasset" 858
"D:/2023 May Class/END/May_ENDGame/Content/END_Starter/Guns/Rifle/T_MagGun_01_N.uexp" 859
"D:/2023 May Class/END/May_ENDGame/Content/END_Starter/Guns/Rifle/T_MagGun_01_N.ubulk" 860
"D:/2023 May Class/END/May_ENDGame/Content/END_Starter/Guns/Common/T_FPS_Metal_02.uasset" 861
"D:/2023 May Class/END/May_ENDGame/Content/END_Starter/Guns/Common/T_FPS_Metal_02.uexp" 862
"D:/2023 May Class/END/May_ENDGame/Content/END_Starter/Guns/Common/T_FPS_Metal_02.ubulk" 863
"D:/2023 May Class/END/May_ENDGame/Content/END_Starter/Guns/Common/MF_Metal_Copper.uasset" 864
"D:/2023 May Class/END/May_ENDGame/Content/END_Starter/Guns/Common/MF_Metal_Copper.uexp" 865
"D:/2023 May Class/END/May_ENDGame/Content/END_Starter/Guns/Rifle/M_MagGunA.uasset" 866
"D:/2023 May Class/END/May_ENDGame/Content/END_Starter/Guns/Rifle/M_MagGunA.uexp" 867
"D:/2023 May Class/END/May_ENDGame/Content/END_Starter/Guns/Rifle/MI_MagGunB.uasset" 868
"D:/2023 May Class/END/May_ENDGame/Content/END_Starter/Guns/Rifle/MI_MagGunB.uexp" 869
"D:/2023 May Class/END/May_ENDGame/Content/END_Starter/Guns/Rifle/MI_MagGunA.uasset" 870
"D:/2023 May Class/END/May_ENDGame/Content/END_Starter/Guns/Rifle/MI_MagGunA.uexp" 871
"D:/2023 May Class/END/May_ENDGame/Content/END_Starter/Guns/Rifle/SK_Rifle.uasset" 872
"D:/2023 May Class/END/May_ENDGame/Content/END_Starter/Guns/Rifle/SK_Rifle.uexp" 873
"D:/2023 May Class/END/May_ENDGame/Content/Core/Actors/BP_CodeWeapon.uasset" 874
"D:/2023 May Class/END/May_ENDGame/Content/Core/Actors/BP_CodeWeapon.uexp" 875
"D:/2023 May Class/END/May_ENDGame/Content/Core/Actors/BP_CodePlayer.uasset" 876
"D:/2023 May Class/END/May_ENDGame/Content/Core/Actors/BP_CodePlayer.uexp" 877
"D:/2023 May Class/END/May_ENDGame/Content/Core/Widgets/WBP_ButtonWText.uasset" 878
"D:/2023 May Class/END/May_ENDGame/Content/Core/Widgets/WBP_ButtonWText.uexp" 879
"D:/2023 May Class/END/May_ENDGame/Content/Core/Widgets/WBP_GameResults.uasset" 880
"D:/2023 May Class/END/May_ENDGame/Content/Core/Widgets/WBP_GameResults.uexp" 881
"D:/2023 May Class/END/May_ENDGame/Content/AI/BB_Wander.uasset" 882
"D:/2023 May Class/END/May_ENDGame/Content/AI/BB_Wander.uexp" 883
"D:/2023 May Class/END/May_ENDGame/Content/AI/BT_Wander.uasset" 884
"D:/2023 May Class/END/May_ENDGame/Content/AI/BT_Wander.uexp" 885
"D:/2023 May Class/END/May_ENDGame/Content/AI/BB_AttackPlayer.uasset" 886
"D:/2023 May Class/END/May_ENDGame/Content/AI/BB_AttackPlayer.uexp" 887
"D:/2023 May Class/END/May_ENDGame/Content/AI/EQS_PlayerContext.uasset" 888
"D:/2023 May Class/END/May_ENDGame/Content/AI/EQS_PlayerContext.uexp" 889
"D:/2023 May Class/END/May_ENDGame/Content/AI/EQS_SafeSpot.uasset" 890
"D:/2023 May Class/END/May_ENDGame/Content/AI/EQS_SafeSpot.uexp" 891
"D:/2023 May Class/END/May_ENDGame/Content/AI/BT_AttackPlayer.uasset" 892
"D:/2023 May Class/END/May_ENDGame/Content/AI/BT_AttackPlayer.uexp" 893
"D:/2023 May Class/END/May_ENDGame/Content/AI/BT_Standard.uasset" 894
"D:/2023 May Class/END/May_ENDGame/Content/AI/BT_Standard.uexp" 895
"D:/2023 May Class/END/May_ENDGame/Content/Core/Actors/Controllers/AIC_BasicAI.uasset" 896
"D:/2023 May Class/END/May_ENDGame/Content/Core/Actors/Controllers/AIC_BasicAI.uexp" 897
"D:/2023 May Class/END/May_ENDGame/Content/Core/Actors/BP_CodeAI.uasset" 898
"D:/2023 May Class/END/May_ENDGame/Content/Core/Actors/BP_CodeAI.uexp" 899
"D:/2023 May Class/END/May_ENDGame/Content/Core/Actors/GameModes/BP_CodeGameMode.uasset" 900
"D:/2023 May Class/END/May_ENDGame/Content/Core/Actors/GameModes/BP_CodeGameMode.uexp" 901
"D:/2023 May Class/END/May_ENDGame/Content/END_Starter/SFX/A_InvalidAction.uasset" 902
"D:/2023 May Class/END/May_ENDGame/Content/END_Starter/SFX/A_InvalidAction.uexp" 903
"D:/2023 May Class/END/May_ENDGame/Content/Art/A_Invalid_Cue.uasset" 904
"D:/2023 May Class/END/May_ENDGame/Content/Art/A_Invalid_Cue.uexp" 905
"D:/2023 May Class/END/May_ENDGame/Content/END_Starter/VFX/PulsingHeart/T_bloodTest_4X6.uasset" 906
"D:/2023 May Class/END/May_ENDGame/Content/END_Starter/VFX/PulsingHeart/T_bloodTest_4X6.uexp" 907
"D:/2023 May Class/END/May_ENDGame/Content/END_Starter/VFX/PulsingHeart/T_bloodTest_4X6.ubulk" 908
"D:/2023 May Class/END/May_ENDGame/Content/END_Starter/VFX/PulsingHeart/T_Black_32.uasset" 909
"D:/2023 May Class/END/May_ENDGame/Content/END_Starter/VFX/PulsingHeart/T_Black_32.uexp" 910
"D:/2023 May Class/END/May_ENDGame/Content/END_Starter/VFX/PulsingHeart/M_Trans_Sprite_Master_DepthFade.uasset" 911
"D:/2023 May Class/END/May_ENDGame/Content/END_Starter/VFX/PulsingHeart/M_Trans_Sprite_Master_DepthFade.uexp" 912
"D:/2023 May Class/END/May_ENDGame/Content/END_Starter/VFX/PulsingHeart/MI_Liquid_Spray_01_4X6.uasset" 913
"D:/2023 May Class/END/May_ENDGame/Content/END_Starter/VFX/PulsingHeart/MI_Liquid_Spray_01_4X6.uexp" 914
"D:/2023 May Class/END/May_ENDGame/Content/END_Starter/VFX/PulsingHeart/T_HealHeart_02.uasset" 915
"D:/2023 May Class/END/May_ENDGame/Content/END_Starter/VFX/PulsingHeart/T_HealHeart_02.uexp" 916
"D:/2023 May Class/END/May_ENDGame/Content/END_Starter/VFX/PulsingHeart/T_HealHeart_02.ubulk" 917
"D:/2023 May Class/END/May_ENDGame/Content/END_Starter/VFX/PulsingHeart/M_Trans_Sprite_Master.uasset" 918
"D:/2023 May Class/END/May_ENDGame/Content/END_Starter/VFX/PulsingHeart/M_Trans_Sprite_Master.uexp" 919
"D:/2023 May Class/END/May_ENDGame/Content/END_Starter/VFX/PulsingHeart/MI_Heart_01.uasset" 920
"D:/2023 May Class/END/May_ENDGame/Content/END_Starter/VFX/PulsingHeart/MI_Heart_01.uexp" 921
"D:/2023 May Class/END/May_ENDGame/Content/END_Starter/VFX/PulsingHeart/T_Vertical_Glow.uasset" 922
"D:/2023 May Class/END/May_ENDGame/Content/END_Starter/VFX/PulsingHeart/T_Vertical_Glow.uexp" 923
"D:/2023 May Class/END/May_ENDGame/Content/END_Starter/VFX/PulsingHeart/T_Vertical_Glow.ubulk" 924
"D:/2023 May Class/END/May_ENDGame/Content/END_Starter/VFX/Common/M_Add_Sprite_Master_DepthFade.uasset" 925
"D:/2023 May Class/END/May_ENDGame/Content/END_Starter/VFX/Common/M_Add_Sprite_Master_DepthFade.uexp" 926
"D:/2023 May Class/END/May_ENDGame/Content/END_Starter/VFX/PulsingHeart/MI_Glow_Vertical.uasset" 927
"D:/2023 May Class/END/May_ENDGame/Content/END_Starter/VFX/PulsingHeart/MI_Glow_Vertical.uexp" 928
"D:/2023 May Class/END/May_ENDGame/Content/END_Starter/VFX/PulsingHeart/T_SoftFallOff.uasset" 929
"D:/2023 May Class/END/May_ENDGame/Content/END_Starter/VFX/PulsingHeart/T_SoftFallOff.uexp" 930
"D:/2023 May Class/END/May_ENDGame/Content/END_Starter/VFX/PulsingHeart/T_SoftFallOff.ubulk" 931
"D:/2023 May Class/END/May_ENDGame/Content/END_Starter/VFX/PulsingHeart/MI_Flare_03.uasset" 932
"D:/2023 May Class/END/May_ENDGame/Content/END_Starter/VFX/PulsingHeart/MI_Flare_03.uexp" 933
"D:/2023 May Class/END/May_ENDGame/Content/END_Starter/VFX/PulsingHeart/P_Heart_Pulsing.uasset" 934
"D:/2023 May Class/END/May_ENDGame/Content/END_Starter/VFX/PulsingHeart/P_Heart_Pulsing.uexp" 935
"D:/2023 May Class/END/May_ENDGame/Content/Core/Actors/BP_CodeHealthPickup.uasset" 936
"D:/2023 May Class/END/May_ENDGame/Content/Core/Actors/BP_CodeHealthPickup.uexp" 937
"D:/2023 May Class/END/May_ENDGame/Content/Core/Utility/BP_CodeDamageTypeFire.uasset" 938
"D:/2023 May Class/END/May_ENDGame/Content/Core/Utility/BP_CodeDamageTypeFire.uexp" 939
"D:/2023 May Class/END/May_ENDGame/Content/END_Starter/VFX/Fire/T_Sparks_03_SubUV_1_4.uasset" 940
"D:/2023 May Class/END/May_ENDGame/Content/END_Starter/VFX/Fire/T_Sparks_03_SubUV_1_4.uexp" 941
"D:/2023 May Class/END/May_ENDGame/Content/END_Starter/VFX/Fire/T_Sparks_03_SubUV_1_4.ubulk" 942
"D:/2023 May Class/END/May_ENDGame/Content/END_Starter/VFX/Fire/M_Add_Sprite_SubUV_Master.uasset" 943
"D:/2023 May Class/END/May_ENDGame/Content/END_Starter/VFX/Fire/M_Add_Sprite_SubUV_Master.uexp" 944
"D:/2023 May Class/END/May_ENDGame/Content/END_Starter/VFX/Fire/MI_Spark_03_1_4.uasset" 945
"D:/2023 May Class/END/May_ENDGame/Content/END_Starter/VFX/Fire/MI_Spark_03_1_4.uexp" 946
"D:/2023 May Class/END/May_ENDGame/Content/END_Starter/VFX/Fire/FX_Glow_12alpha.uasset" 947
"D:/2023 May Class/END/May_ENDGame/Content/END_Starter/VFX/Fire/FX_Glow_12alpha.uexp" 948
"D:/2023 May Class/END/May_ENDGame/Content/END_Starter/VFX/Fire/FX_Glow_12alpha.ubulk" 949
"D:/2023 May Class/END/May_ENDGame/Content/END_Starter/VFX/Fire/MI_Flare_09.uasset" 950
"D:/2023 May Class/END/May_ENDGame/Content/END_Starter/VFX/Fire/MI_Flare_09.uexp" 951
"D:/2023 May Class/END/May_ENDGame/Content/END_Starter/VFX/Fire/T_Fire_subUV_6X6.uasset" 952
"D:/2023 May Class/END/May_ENDGame/Content/END_Starter/VFX/Fire/T_Fire_subUV_6X6.uexp" 953
"D:/2023 May Class/END/May_ENDGame/Content/END_Starter/VFX/Fire/T_Fire_subUV_6X6.ubulk" 954
"D:/2023 May Class/END/May_ENDGame/Content/END_Starter/VFX/Fire/MI_Fire_01_Add_6X6.uasset" 955
"D:/2023 May Class/END/May_ENDGame/Content/END_Starter/VFX/Fire/MI_Fire_01_Add_6X6.uexp" 956
"D:/2023 May Class/END/May_ENDGame/Content/END_Starter/VFX/Fire/P_Fire.uasset" 957
"D:/2023 May Class/END/May_ENDGame/Content/END_Starter/VFX/Fire/P_Fire.uexp" 958
"D:/2023 May Class/END/May_ENDGame/Content/Core/Actors/BP_CodeDamagePickup.uasset" 959
"D:/2023 May Class/END/May_ENDGame/Content/Core/Actors/BP_CodeDamagePickup.uexp" 960
"../../../Engine/Content/EngineSky/SM_SkySphere.uasset" 961
"../../../Engine/Content/EngineSky/SM_SkySphere.uexp" 962
"../../../Engine/Content/EngineSky/C_Sky_Zenith_Color.uasset" 963
"../../../Engine/Content/EngineSky/C_Sky_Zenith_Color.uexp" 964
"../../../Engine/Content/EngineSky/C_Sky_Horizon_Color.uasset" 965
"../../../Engine/Content/EngineSky/C_Sky_Horizon_Color.uexp" 966
"../../../Engine/Content/EngineSky/C_Sky_Cloud_Color.uasset" 967
"../../../Engine/Content/EngineSky/C_Sky_Cloud_Color.uexp" 968
"../../../Engine/Content/EngineSky/BP_Sky_Sphere.uasset" 969
"../../../Engine/Content/EngineSky/BP_Sky_Sphere.uexp" 970
"D:/2023 May Class/END/May_ENDGame/Content/Maps/Default.uexp" 971
"D:/2023 May Class/END/May_ENDGame/Content/Maps/Default.umap" 972
"D:/2023 May Class/END/May_ENDGame/Content/Maps/MainMenu_BuiltData.uasset" 973
"D:/2023 May Class/END/May_ENDGame/Content/Maps/MainMenu_BuiltData.uexp" 974
"D:/2023 May Class/END/May_ENDGame/Content/END_Starter/T_MenuBackground.uasset" 975
"D:/2023 May Class/END/May_ENDGame/Content/END_Starter/T_MenuBackground.uexp" 976
"D:/2023 May Class/END/May_ENDGame/Content/Core/Widgets/WBP_MainMenu.uasset" 977
"D:/2023 May Class/END/May_ENDGame/Content/Core/Widgets/WBP_MainMenu.uexp" 978
"D:/2023 May Class/END/May_ENDGame/Content/Core/Actors/Controllers/BP_MenuPlayerController.uasset" 979
"D:/2023 May Class/END/May_ENDGame/Content/Core/Actors/Controllers/BP_MenuPlayerController.uexp" 980
"D:/2023 May Class/END/May_ENDGame/Content/Core/Actors/GameModes/BP_CodeMainMenu.uasset" 981
"D:/2023 May Class/END/May_ENDGame/Content/Core/Actors/GameModes/BP_CodeMainMenu.uexp" 982
"D:/2023 May Class/END/May_ENDGame/Content/Maps/MainMenu.uexp" 983
"D:/2023 May Class/END/May_ENDGame/Content/Maps/MainMenu.umap" 984
"D:/2023 May Class/END/May_ENDGame/Content/END_Starter/AI/BP_AIGameMode.uasset" 985
"D:/2023 May Class/END/May_ENDGame/Content/END_Starter/AI/BP_AIGameMode.uexp" 986
"D:/2023 May Class/END/May_ENDGame/Content/END_Starter/AI/BTDecorator_Generic.uasset" 987
"D:/2023 May Class/END/May_ENDGame/Content/END_Starter/AI/BTDecorator_Generic.uexp" 988
"D:/2023 May Class/END/May_ENDGame/Content/END_Starter/AI/BTService_Generic.uasset" 989
"D:/2023 May Class/END/May_ENDGame/Content/END_Starter/AI/BTService_Generic.uexp" 990
"D:/2023 May Class/END/May_ENDGame/Content/END_Starter/AI/BTT_SetValidTimer.uasset" 991
"D:/2023 May Class/END/May_ENDGame/Content/END_Starter/AI/BTT_SetValidTimer.uexp" 992
"D:/2023 May Class/END/May_ENDGame/Content/END_Starter/AI/BT_ServicesAndDecorators.uasset" 993
"D:/2023 May Class/END/May_ENDGame/Content/END_Starter/AI/BT_ServicesAndDecorators.uexp" 994
"D:/2023 May Class/END/May_ENDGame/Content/END_Starter/AI/AIC_Example.uasset" 995
"D:/2023 May Class/END/May_ENDGame/Content/END_Starter/AI/AIC_Example.uexp" 996
"../../../Engine/Content/BasicShapes/Sphere.uasset" 997
"../../../Engine/Content/BasicShapes/Sphere.uexp" 998
"D:/2023 May Class/END/May_ENDGame/Content/END_Starter/AI/BP_PawnAI.uasset" 999
"D:/2023 May Class/END/May_ENDGame/Content/END_Starter/AI/BP_PawnAI.uexp" 1000
"D:/2023 May Class/END/May_ENDGame/Content/END_Starter/AI/AIMap_BuiltData.uasset" 1001
"D:/2023 May Class/END/May_ENDGame/Content/END_Starter/AI/AIMap_BuiltData.uexp" 1002
"D:/2023 May Class/END/May_ENDGame/Content/END_Starter/AI/AIMap_BuiltData.ubulk" 1003
"D:/2023 May Class/END/May_ENDGame/Content/END_Starter/AI/AIMap.uexp" 1004
"D:/2023 May Class/END/May_ENDGame/Content/END_Starter/AI/AIMap.umap" 1005
"D:/2023 May Class/END/May_ENDGame/Content/END_Starter/Guns/Rifle/T_MagGunT2_shade.uasset" 1006
"D:/2023 May Class/END/May_ENDGame/Content/END_Starter/Guns/Rifle/T_MagGunT2_shade.uexp" 1007
"D:/2023 May Class/END/May_ENDGame/Content/END_Starter/Guns/Rifle/T_MagGunT2_shade.ubulk" 1008
"D:/2023 May Class/END/May_ENDGame/Content/END_Starter/Guns/Rifle/T_MagGunT2_section.uasset" 1009
"D:/2023 May Class/END/May_ENDGame/Content/END_Starter/Guns/Rifle/T_MagGunT2_section.uexp" 1010
"D:/2023 May Class/END/May_ENDGame/Content/END_Starter/Guns/Rifle/T_MagGunT2_section.ubulk" 1011
"D:/2023 May Class/END/May_ENDGame/Content/END_Starter/Guns/Rifle/T_MagGun_Display_EM.uasset" 1012
"D:/2023 May Class/END/May_ENDGame/Content/END_Starter/Guns/Rifle/T_MagGun_Display_EM.uexp" 1013
"D:/2023 May Class/END/May_ENDGame/Content/END_Starter/Guns/Rifle/T_MagGun_Display_EM.ubulk" 1014
"D:/2023 May Class/END/May_ENDGame/Content/END_Starter/Guns/Rifle/T_MagGun_02_N.uasset" 1015
"D:/2023 May Class/END/May_ENDGame/Content/END_Starter/Guns/Rifle/T_MagGun_02_N.uexp" 1016
"D:/2023 May Class/END/May_ENDGame/Content/END_Starter/Guns/Rifle/T_MagGun_02_N.ubulk" 1017
"D:/2023 May Class/END/May_ENDGame/Content/END_Starter/Guns/Rifle/M_MagGunB.uasset" 1018
"D:/2023 May Class/END/May_ENDGame/Content/END_Starter/Guns/Rifle/M_MagGunB.uexp" 1019
"D:/2023 May Class/END/May_ENDGame/Content/END_Starter/Guns/Rifle/MI_MagGunB_2.uasset" 1020
"D:/2023 May Class/END/May_ENDGame/Content/END_Starter/Guns/Rifle/MI_MagGunB_2.uexp" 1021
"D:/2023 May Class/END/May_ENDGame/Content/END_Starter/VFX/Steam/P_Steam_Lit.uasset" 1022
"D:/2023 May Class/END/May_ENDGame/Content/END_Starter/VFX/Steam/P_Steam_Lit.uexp" 1023
"D:/2023 May Class/END/May_ENDGame/Content/END_Starter/Maps/Display_BuiltData.uasset" 1024
"D:/2023 May Class/END/May_ENDGame/Content/END_Starter/Maps/Display_BuiltData.uexp" 1025
"D:/2023 May Class/END/May_ENDGame/Content/END_Starter/Maps/Display_BuiltData.ubulk" 1026
"D:/2023 May Class/END/May_ENDGame/Content/END_Starter/Chests/T_Chest1_D.uasset" 1027
"D:/2023 May Class/END/May_ENDGame/Content/END_Starter/Chests/T_Chest1_D.uexp" 1028
"D:/2023 May Class/END/May_ENDGame/Content/END_Starter/Chests/T_Chest1_D.ubulk" 1029
"D:/2023 May Class/END/May_ENDGame/Content/END_Starter/Chests/T_Chest1_N.uasset" 1030
"D:/2023 May Class/END/May_ENDGame/Content/END_Starter/Chests/T_Chest1_N.uexp" 1031
"D:/2023 May Class/END/May_ENDGame/Content/END_Starter/Chests/T_Chest1_N.ubulk" 1032
"D:/2023 May Class/END/May_ENDGame/Content/END_Starter/Chests/T_Chest1_S.uasset" 1033
"D:/2023 May Class/END/May_ENDGame/Content/END_Starter/Chests/T_Chest1_S.uexp" 1034
"D:/2023 May Class/END/May_ENDGame/Content/END_Starter/Chests/T_Chest1_S.ubulk" 1035
"D:/2023 May Class/END/May_ENDGame/Content/END_Starter/Chests/M_Chest1.uasset" 1036
"D:/2023 May Class/END/May_ENDGame/Content/END_Starter/Chests/M_Chest1.uexp" 1037
"D:/2023 May Class/END/May_ENDGame/Content/END_Starter/Chests/T_Chest3_D.uasset" 1038
"D:/2023 May Class/END/May_ENDGame/Content/END_Starter/Chests/T_Chest3_D.uexp" 1039
"D:/2023 May Class/END/May_ENDGame/Content/END_Starter/Chests/T_Chest3_D.ubulk" 1040
"D:/2023 May Class/END/May_ENDGame/Content/END_Starter/Chests/T_Chest3_N.uasset" 1041
"D:/2023 May Class/END/May_ENDGame/Content/END_Starter/Chests/T_Chest3_N.uexp" 1042
"D:/2023 May Class/END/May_ENDGame/Content/END_Starter/Chests/T_Chest3_N.ubulk" 1043
"D:/2023 May Class/END/May_ENDGame/Content/END_Starter/Chests/T_Chest3_S.uasset" 1044
"D:/2023 May Class/END/May_ENDGame/Content/END_Starter/Chests/T_Chest3_S.uexp" 1045
"D:/2023 May Class/END/May_ENDGame/Content/END_Starter/Chests/T_Chest3_S.ubulk" 1046
"D:/2023 May Class/END/May_ENDGame/Content/END_Starter/Chests/M_Chest3.uasset" 1047
"D:/2023 May Class/END/May_ENDGame/Content/END_Starter/Chests/M_Chest3.uexp" 1048
"D:/2023 May Class/END/May_ENDGame/Content/END_Starter/Chests/SM_Chest3.uasset" 1049
"D:/2023 May Class/END/May_ENDGame/Content/END_Starter/Chests/SM_Chest3.uexp" 1050
"D:/2023 May Class/END/May_ENDGame/Content/END_Starter/Chests/SM_Chest1.uasset" 1051
"D:/2023 May Class/END/May_ENDGame/Content/END_Starter/Chests/SM_Chest1.uexp" 1052
"D:/2023 May Class/END/May_ENDGame/Content/END_Starter/Maps/Display.uexp" 1053
"D:/2023 May Class/END/May_ENDGame/Content/END_Starter/Maps/Display.umap" 1054
"../../../Engine/Content/Maps/Entry_BuiltData.uasset" 1055
"../../../Engine/Content/Maps/Entry_BuiltData.uexp" 1056
"../../../Engine/Content/Maps/Entry.uexp" 1057
"../../../Engine/Content/Maps/Entry.umap" 1058
